{"/home/travis/build/npmtest/node-npmtest-dat/test.js":{"path":"/home/travis/build/npmtest/node-npmtest-dat/test.js","s":{"1":2,"2":2,"3":2,"4":2,"5":2,"6":2,"7":2,"8":1,"9":2,"10":2,"11":1,"12":1,"13":1,"14":1,"15":2,"16":2,"17":2,"18":2,"19":1,"20":1,"21":2,"22":2,"23":2,"24":1,"25":1,"26":1,"27":1,"28":1,"29":1,"30":1,"31":1,"32":1,"33":1,"34":1,"35":1,"36":1,"37":1,"38":1,"39":2,"40":2,"41":1,"42":2,"43":2,"44":1,"45":2,"46":2,"47":1,"48":2,"49":2,"50":1,"51":1,"52":1,"53":1,"54":1},"b":{"1":[2,1,1,1],"2":[1,1,1,1],"3":[1,1],"4":[1,1],"5":[1,1],"6":[1,1],"7":[1,1],"8":[1,1],"9":[1,1],"10":[1,1,1],"11":[1,1],"12":[1,1],"13":[1,1],"14":[1,1],"15":[1,1],"16":[1,1],"17":[1,1]},"f":{"1":2,"2":2,"3":2,"4":2,"5":2,"6":1,"7":1,"8":1,"9":2,"10":2,"11":2,"12":2,"13":1},"fnMap":{"1":{"name":"(anonymous_1)","line":12,"loc":{"start":{"line":12,"column":1},"end":{"line":12,"column":13}}},"2":{"name":"(anonymous_2)","line":19,"loc":{"start":{"line":19,"column":5},"end":{"line":19,"column":17}}},"3":{"name":"(anonymous_3)","line":23,"loc":{"start":{"line":23,"column":24},"end":{"line":23,"column":36}}},"4":{"name":"(anonymous_4)","line":61,"loc":{"start":{"line":61,"column":5},"end":{"line":61,"column":17}}},"5":{"name":"(anonymous_5)","line":82,"loc":{"start":{"line":82,"column":5},"end":{"line":82,"column":17}}},"6":{"name":"(anonymous_6)","line":91,"loc":{"start":{"line":91,"column":77},"end":{"line":94,"column":10}}},"7":{"name":"(anonymous_7)","line":112,"loc":{"start":{"line":112,"column":83},"end":{"line":115,"column":10}},"skip":true},"8":{"name":"(anonymous_8)","line":123,"loc":{"start":{"line":123,"column":77},"end":{"line":126,"column":10}},"skip":true},"9":{"name":"(anonymous_9)","line":139,"loc":{"start":{"line":139,"column":12},"end":{"line":139,"column":40}},"skip":true},"10":{"name":"(anonymous_10)","line":147,"loc":{"start":{"line":147,"column":77},"end":{"line":150,"column":10}},"skip":true},"11":{"name":"(anonymous_11)","line":158,"loc":{"start":{"line":158,"column":83},"end":{"line":161,"column":10}},"skip":true},"12":{"name":"(anonymous_12)","line":169,"loc":{"start":{"line":169,"column":79},"end":{"line":172,"column":10}},"skip":true},"13":{"name":"(anonymous_13)","line":180,"loc":{"start":{"line":180,"column":75},"end":{"line":183,"column":10}},"skip":true}},"statementMap":{"1":{"start":{"line":12,"column":0},"end":{"line":195,"column":5}},"2":{"start":{"line":14,"column":4},"end":{"line":14,"column":14}},"3":{"start":{"line":19,"column":4},"end":{"line":56,"column":9}},"4":{"start":{"line":21,"column":8},"end":{"line":21,"column":19}},"5":{"start":{"line":23,"column":8},"end":{"line":35,"column":13}},"6":{"start":{"line":24,"column":12},"end":{"line":34,"column":13}},"7":{"start":{"line":25,"column":16},"end":{"line":28,"column":30}},"8":{"start":{"line":30,"column":16},"end":{"line":33,"column":27}},"9":{"start":{"line":37,"column":8},"end":{"line":39,"column":21}},"10":{"start":{"line":40,"column":8},"end":{"line":53,"column":9}},"11":{"start":{"line":43,"column":12},"end":{"line":46,"column":14}},"12":{"start":{"line":47,"column":12},"end":{"line":47,"column":18}},"13":{"start":{"line":50,"column":12},"end":{"line":51,"column":33}},"14":{"start":{"line":52,"column":12},"end":{"line":52,"column":18}},"15":{"start":{"line":55,"column":8},"end":{"line":55,"column":35}},"16":{"start":{"line":61,"column":4},"end":{"line":63,"column":9}},"17":{"start":{"line":62,"column":8},"end":{"line":62,"column":15}},"18":{"start":{"line":64,"column":4},"end":{"line":77,"column":5}},"19":{"start":{"line":70,"column":8},"end":{"line":70,"column":14}},"20":{"start":{"line":76,"column":8},"end":{"line":76,"column":14}},"21":{"start":{"line":82,"column":4},"end":{"line":84,"column":9}},"22":{"start":{"line":83,"column":8},"end":{"line":83,"column":15}},"23":{"start":{"line":85,"column":4},"end":{"line":194,"column":5}},"24":{"start":{"line":91,"column":8},"end":{"line":99,"column":10}},"25":{"start":{"line":98,"column":12},"end":{"line":98,"column":35}},"26":{"start":{"line":102,"column":8},"end":{"line":104,"column":63}},"27":{"start":{"line":105,"column":8},"end":{"line":105,"column":14}},"28":{"start":{"line":112,"column":8},"end":{"line":121,"column":10},"skip":true},"29":{"start":{"line":119,"column":12},"end":{"line":119,"column":55},"skip":true},"30":{"start":{"line":120,"column":12},"end":{"line":120,"column":48},"skip":true},"31":{"start":{"line":123,"column":8},"end":{"line":136,"column":10},"skip":true},"32":{"start":{"line":130,"column":12},"end":{"line":130,"column":76},"skip":true},"33":{"start":{"line":131,"column":12},"end":{"line":131,"column":73},"skip":true},"34":{"start":{"line":132,"column":12},"end":{"line":132,"column":74},"skip":true},"35":{"start":{"line":133,"column":12},"end":{"line":133,"column":79},"skip":true},"36":{"start":{"line":134,"column":12},"end":{"line":134,"column":25},"skip":true},"37":{"start":{"line":135,"column":12},"end":{"line":135,"column":45},"skip":true},"38":{"start":{"line":138,"column":8},"end":{"line":145,"column":14},"skip":true},"39":{"start":{"line":143,"column":16},"end":{"line":143,"column":29},"skip":true},"40":{"start":{"line":144,"column":16},"end":{"line":144,"column":55},"skip":true},"41":{"start":{"line":147,"column":8},"end":{"line":156,"column":10},"skip":true},"42":{"start":{"line":154,"column":12},"end":{"line":154,"column":25},"skip":true},"43":{"start":{"line":155,"column":12},"end":{"line":155,"column":45},"skip":true},"44":{"start":{"line":158,"column":8},"end":{"line":167,"column":10},"skip":true},"45":{"start":{"line":165,"column":12},"end":{"line":165,"column":25},"skip":true},"46":{"start":{"line":166,"column":12},"end":{"line":166,"column":48},"skip":true},"47":{"start":{"line":169,"column":8},"end":{"line":178,"column":10},"skip":true},"48":{"start":{"line":176,"column":12},"end":{"line":176,"column":25},"skip":true},"49":{"start":{"line":177,"column":12},"end":{"line":177,"column":46},"skip":true},"50":{"start":{"line":180,"column":8},"end":{"line":189,"column":10},"skip":true},"51":{"start":{"line":187,"column":12},"end":{"line":187,"column":94},"skip":true},"52":{"start":{"line":188,"column":12},"end":{"line":188,"column":48},"skip":true},"53":{"start":{"line":192,"column":8},"end":{"line":192,"column":35},"skip":true},"54":{"start":{"line":193,"column":8},"end":{"line":193,"column":14},"skip":true}},"branchMap":{"1":{"line":25,"type":"binary-expr","locations":[{"start":{"line":25,"column":23},"end":{"line":25,"column":62}},{"start":{"line":26,"column":20},"end":{"line":26,"column":70}},{"start":{"line":27,"column":20},"end":{"line":27,"column":71}},{"start":{"line":28,"column":20},"end":{"line":28,"column":29}}]},"2":{"line":30,"type":"binary-expr","locations":[{"start":{"line":30,"column":23},"end":{"line":30,"column":37}},{"start":{"line":31,"column":20},"end":{"line":31,"column":61}},{"start":{"line":32,"column":20},"end":{"line":32,"column":70}},{"start":{"line":33,"column":20},"end":{"line":33,"column":26}}]},"3":{"line":37,"type":"cond-expr","locations":[{"start":{"line":38,"column":14},"end":{"line":38,"column":20}},{"start":{"line":39,"column":14},"end":{"line":39,"column":20}}]},"4":{"line":40,"type":"switch","locations":[{"start":{"line":42,"column":8},"end":{"line":47,"column":18}},{"start":{"line":49,"column":8},"end":{"line":52,"column":18}}]},"5":{"line":44,"type":"binary-expr","locations":[{"start":{"line":44,"column":16},"end":{"line":44,"column":44}},{"start":{"line":44,"column":48},"end":{"line":44,"column":66}}]},"6":{"line":50,"type":"binary-expr","locations":[{"start":{"line":50,"column":21},"end":{"line":50,"column":49}},{"start":{"line":50,"column":53},"end":{"line":50,"column":72}}]},"7":{"line":64,"type":"switch","locations":[{"start":{"line":69,"column":4},"end":{"line":70,"column":14}},{"start":{"line":75,"column":4},"end":{"line":76,"column":14}}]},"8":{"line":85,"type":"switch","locations":[{"start":{"line":90,"column":4},"end":{"line":105,"column":14}},{"start":{"line":111,"column":4},"end":{"line":193,"column":14},"skip":true}]},"9":{"line":91,"type":"binary-expr","locations":[{"start":{"line":91,"column":42},"end":{"line":91,"column":73}},{"start":{"line":91,"column":77},"end":{"line":99,"column":9}}]},"10":{"line":102,"type":"binary-expr","locations":[{"start":{"line":102,"column":18},"end":{"line":102,"column":32}},{"start":{"line":103,"column":12},"end":{"line":103,"column":53}},{"start":{"line":104,"column":12},"end":{"line":104,"column":61}}]},"11":{"line":112,"type":"binary-expr","locations":[{"start":{"line":112,"column":45},"end":{"line":112,"column":79},"skip":true},{"start":{"line":112,"column":83},"end":{"line":121,"column":9},"skip":true}]},"12":{"line":123,"type":"binary-expr","locations":[{"start":{"line":123,"column":42},"end":{"line":123,"column":73},"skip":true},{"start":{"line":123,"column":77},"end":{"line":136,"column":9},"skip":true}]},"13":{"line":138,"type":"binary-expr","locations":[{"start":{"line":138,"column":48},"end":{"line":138,"column":85},"skip":true},{"start":{"line":139,"column":12},"end":{"line":145,"column":13},"skip":true}]},"14":{"line":147,"type":"binary-expr","locations":[{"start":{"line":147,"column":42},"end":{"line":147,"column":73},"skip":true},{"start":{"line":147,"column":77},"end":{"line":156,"column":9},"skip":true}]},"15":{"line":158,"type":"binary-expr","locations":[{"start":{"line":158,"column":45},"end":{"line":158,"column":79},"skip":true},{"start":{"line":158,"column":83},"end":{"line":167,"column":9},"skip":true}]},"16":{"line":169,"type":"binary-expr","locations":[{"start":{"line":169,"column":43},"end":{"line":169,"column":75},"skip":true},{"start":{"line":169,"column":79},"end":{"line":178,"column":9},"skip":true}]},"17":{"line":180,"type":"binary-expr","locations":[{"start":{"line":180,"column":41},"end":{"line":180,"column":71},"skip":true},{"start":{"line":180,"column":75},"end":{"line":189,"column":9},"skip":true}]}},"code":["/* istanbul instrument in package npmtest_dat */","/*jslint","    bitwise: true,","    browser: true,","    maxerr: 8,","    maxlen: 96,","    node: true,","    nomen: true,","    regexp: true,","    stupid: true","*/","(function () {","    'use strict';","    var local;","","","","    // run shared js-env code - init-before","    (function () {","        // init local","        local = {};","        // init modeJs","        local.modeJs = (function () {","            try {","                return typeof navigator.userAgent === 'string' &&","                    typeof document.querySelector('body') === 'object' &&","                    typeof XMLHttpRequest.prototype.open === 'function' &&","                    'browser';","            } catch (errorCaughtBrowser) {","                return module.exports &&","                    typeof process.versions.node === 'string' &&","                    typeof require('http').createServer === 'function' &&","                    'node';","            }","        }());","        // init global","        local.global = local.modeJs === 'browser'","            ? window","            : global;","        switch (local.modeJs) {","        // re-init local from window.local","        case 'browser':","            local = local.global.utility2.objectSetDefault(","                local.global.utility2_rollup || local.global.local,","                local.global.utility2","            );","            break;","        // re-init local from example.js","        case 'node':","            local = (local.global.utility2_rollup || require('utility2'))","                .requireReadme();","            break;","        }","        // export local","        local.global.local = local;","    }());","","","","    // run shared js-env code - function","    (function () {","        return;","    }());","    switch (local.modeJs) {","","","","    // run browser js-env code - function","    case 'browser':","        break;","","","","    // run node js-env code - function","    case 'node':","        break;","    }","","","","    // run shared js-env code - init-after","    (function () {","        return;","    }());","    switch (local.modeJs) {","","","","    // run browser js-env code - init-after","    case 'browser':","        local.testCase_browser_nullCase = local.testCase_browser_nullCase || function (","            options,","            onError","        ) {","        /*","         * this function will test browsers's null-case handling-behavior-behavior","         */","            onError(null, options);","        };","","        // run tests","        local.nop(local.modeTest &&","            document.querySelector('#testRunButton1') &&","            document.querySelector('#testRunButton1').click());","        break;","","","","    // run node js-env code - init-after","    /* istanbul ignore next */","    case 'node':","        local.testCase_buildApidoc_default = local.testCase_buildApidoc_default || function (","            options,","            onError","        ) {","        /*","         * this function will test buildApidoc's default handling-behavior-behavior","         */","            options = { modulePathList: module.paths };","            local.buildApidoc(options, onError);","        };","","        local.testCase_buildApp_default = local.testCase_buildApp_default || function (","            options,","            onError","        ) {","        /*","         * this function will test buildApp's default handling-behavior-behavior","         */","            local.testCase_buildReadme_default(options, local.onErrorThrow);","            local.testCase_buildLib_default(options, local.onErrorThrow);","            local.testCase_buildTest_default(options, local.onErrorThrow);","            local.testCase_buildCustomOrg_default(options, local.onErrorThrow);","            options = [];","            local.buildApp(options, onError);","        };","","        local.testCase_buildCustomOrg_default = local.testCase_buildCustomOrg_default ||","            function (options, onError) {","            /*","             * this function will test buildCustomOrg's default handling-behavior","             */","                options = {};","                local.buildCustomOrg(options, onError);","            };","","        local.testCase_buildLib_default = local.testCase_buildLib_default || function (","            options,","            onError","        ) {","        /*","         * this function will test buildLib's default handling-behavior","         */","            options = {};","            local.buildLib(options, onError);","        };","","        local.testCase_buildReadme_default = local.testCase_buildReadme_default || function (","            options,","            onError","        ) {","        /*","         * this function will test buildReadme's default handling-behavior-behavior","         */","            options = {};","            local.buildReadme(options, onError);","        };","","        local.testCase_buildTest_default = local.testCase_buildTest_default || function (","            options,","            onError","        ) {","        /*","         * this function will test buildTest's default handling-behavior","         */","            options = {};","            local.buildTest(options, onError);","        };","","        local.testCase_webpage_default = local.testCase_webpage_default || function (","            options,","            onError","        ) {","        /*","         * this function will test webpage's default handling-behavior","         */","            options = { modeCoverageMerge: true, url: local.serverLocalHost + '?modeTest=1' };","            local.browserTest(options, onError);","        };","","        // run test-server","        local.testRunServer(local);","        break;","    }","}());",""],"l":{"12":2,"14":2,"19":2,"21":2,"23":2,"24":2,"25":2,"30":1,"37":2,"40":2,"43":1,"47":1,"50":1,"52":1,"55":2,"61":2,"62":2,"64":2,"70":1,"76":1,"82":2,"83":2,"85":2,"91":1,"98":1,"102":1,"105":1,"112":1,"119":1,"120":1,"123":1,"130":1,"131":1,"132":1,"133":1,"134":1,"135":1,"138":1,"143":2,"144":2,"147":1,"154":2,"155":2,"158":1,"165":2,"166":2,"169":1,"176":2,"177":2,"180":1,"187":1,"188":1,"192":1,"193":1}},"/home/travis/build/npmtest/node-npmtest-dat/lib.npmtest_dat.js":{"path":"/home/travis/build/npmtest/node-npmtest-dat/lib.npmtest_dat.js","s":{"1":2,"2":2,"3":2,"4":2,"5":2,"6":2,"7":2,"8":1,"9":2,"10":2,"11":2,"12":2,"13":1,"14":1,"15":1,"16":1},"b":{"1":[2,1,1,1],"2":[1,1,1,1],"3":[1,1],"4":[2,2],"5":[1,1]},"f":{"1":2,"2":2,"3":2},"fnMap":{"1":{"name":"(anonymous_1)","line":12,"loc":{"start":{"line":12,"column":1},"end":{"line":12,"column":13}}},"2":{"name":"(anonymous_2)","line":19,"loc":{"start":{"line":19,"column":5},"end":{"line":19,"column":17}}},"3":{"name":"(anonymous_3)","line":23,"loc":{"start":{"line":23,"column":24},"end":{"line":23,"column":36}}}},"statementMap":{"1":{"start":{"line":12,"column":0},"end":{"line":53,"column":5}},"2":{"start":{"line":14,"column":4},"end":{"line":14,"column":14}},"3":{"start":{"line":19,"column":4},"end":{"line":52,"column":9}},"4":{"start":{"line":21,"column":8},"end":{"line":21,"column":19}},"5":{"start":{"line":23,"column":8},"end":{"line":35,"column":13}},"6":{"start":{"line":24,"column":12},"end":{"line":34,"column":13}},"7":{"start":{"line":25,"column":16},"end":{"line":28,"column":30}},"8":{"start":{"line":30,"column":16},"end":{"line":33,"column":27}},"9":{"start":{"line":37,"column":8},"end":{"line":39,"column":21}},"10":{"start":{"line":41,"column":8},"end":{"line":41,"column":54}},"11":{"start":{"line":43,"column":8},"end":{"line":43,"column":48}},"12":{"start":{"line":45,"column":8},"end":{"line":51,"column":9}},"13":{"start":{"line":46,"column":12},"end":{"line":46,"column":54}},"14":{"start":{"line":48,"column":12},"end":{"line":48,"column":35}},"15":{"start":{"line":49,"column":12},"end":{"line":49,"column":49}},"16":{"start":{"line":50,"column":12},"end":{"line":50,"column":43}}},"branchMap":{"1":{"line":25,"type":"binary-expr","locations":[{"start":{"line":25,"column":23},"end":{"line":25,"column":62}},{"start":{"line":26,"column":20},"end":{"line":26,"column":70}},{"start":{"line":27,"column":20},"end":{"line":27,"column":71}},{"start":{"line":28,"column":20},"end":{"line":28,"column":29}}]},"2":{"line":30,"type":"binary-expr","locations":[{"start":{"line":30,"column":23},"end":{"line":30,"column":37}},{"start":{"line":31,"column":20},"end":{"line":31,"column":61}},{"start":{"line":32,"column":20},"end":{"line":32,"column":70}},{"start":{"line":33,"column":20},"end":{"line":33,"column":26}}]},"3":{"line":37,"type":"cond-expr","locations":[{"start":{"line":38,"column":14},"end":{"line":38,"column":20}},{"start":{"line":39,"column":14},"end":{"line":39,"column":20}}]},"4":{"line":41,"type":"binary-expr","locations":[{"start":{"line":41,"column":16},"end":{"line":41,"column":44}},{"start":{"line":41,"column":48},"end":{"line":41,"column":53}}]},"5":{"line":45,"type":"if","locations":[{"start":{"line":45,"column":8},"end":{"line":45,"column":8}},{"start":{"line":45,"column":8},"end":{"line":45,"column":8}}]}},"code":["/* istanbul instrument in package npmtest_dat */","/*jslint","    bitwise: true,","    browser: true,","    maxerr: 8,","    maxlen: 96,","    node: true,","    nomen: true,","    regexp: true,","    stupid: true","*/","(function () {","    'use strict';","    var local;","","","","    // run shared js-env code - init-before","    (function () {","        // init local","        local = {};","        // init modeJs","        local.modeJs = (function () {","            try {","                return typeof navigator.userAgent === 'string' &&","                    typeof document.querySelector('body') === 'object' &&","                    typeof XMLHttpRequest.prototype.open === 'function' &&","                    'browser';","            } catch (errorCaughtBrowser) {","                return module.exports &&","                    typeof process.versions.node === 'string' &&","                    typeof require('http').createServer === 'function' &&","                    'node';","            }","        }());","        // init global","        local.global = local.modeJs === 'browser'","            ? window","            : global;","        // init utility2_rollup","        local = local.global.utility2_rollup || local;","        // init lib","        local.local = local.npmtest_dat = local;","        // init exports","        if (local.modeJs === 'browser') {","            local.global.utility2_npmtest_dat = local;","        } else {","            module.exports = local;","            module.exports.__dirname = __dirname;","            module.exports.module = module;","        }","    }());","}());",""],"l":{"12":2,"14":2,"19":2,"21":2,"23":2,"24":2,"25":2,"30":1,"37":2,"41":2,"43":2,"45":2,"46":1,"48":1,"49":1,"50":1}},"/home/travis/build/npmtest/node-npmtest-dat/example.js":{"path":"/home/travis/build/npmtest/node-npmtest-dat/example.js","s":{"1":2,"2":2,"3":2,"4":2,"5":2,"6":2,"7":2,"8":1,"9":2,"10":2,"11":2,"12":2,"13":1,"14":2,"15":2,"16":2,"17":2,"18":2,"19":0,"20":2,"21":1,"22":1,"23":1,"24":1,"25":1,"26":0,"27":0,"28":1,"29":1,"30":2,"31":0,"32":0,"33":0,"34":1,"35":2,"36":2,"37":3,"38":3,"39":3,"40":3,"41":0,"42":3,"43":3,"44":3,"45":1,"46":3,"47":1,"48":1,"49":1,"50":1,"51":1,"52":1,"53":1,"54":1,"55":1,"56":1,"57":0,"58":1,"59":6,"60":6,"61":1,"62":2,"63":0,"64":2,"65":1,"66":1,"67":0,"68":0,"69":0,"70":0,"71":0,"72":0,"73":0,"74":0,"75":0,"76":0,"77":0,"78":0,"79":0,"80":0,"81":0,"82":0,"83":0},"b":{"1":[2,1,1,1],"2":[1,1,1,1],"3":[1,1],"4":[2,2],"5":[1,1],"6":[1,1],"7":[2,0],"8":[2,1,1,1,1,1],"9":[0,2,0],"10":[1,1],"11":[2,1,1],"12":[1,0],"13":[0,2],"14":[2,0,0,0,0,0,0],"15":[0,3],"16":[3,0],"17":[1,1],"18":[0,1],"19":[1,2,0,2],"20":[1,0],"21":[1,1],"22":[0,0],"23":[0,0],"24":[0,0],"25":[0,0],"26":[0,0],"27":[0,0],"28":[0,0]},"f":{"1":2,"2":2,"3":2,"4":2,"5":2,"6":2,"7":3,"8":3,"9":3,"10":1,"11":6,"12":0},"fnMap":{"1":{"name":"(anonymous_1)","line":26,"loc":{"start":{"line":26,"column":1},"end":{"line":26,"column":13}}},"2":{"name":"(anonymous_2)","line":33,"loc":{"start":{"line":33,"column":5},"end":{"line":33,"column":17}}},"3":{"name":"(anonymous_3)","line":37,"loc":{"start":{"line":37,"column":24},"end":{"line":37,"column":36}}},"4":{"name":"(anonymous_4)","line":69,"loc":{"start":{"line":69,"column":31},"end":{"line":69,"column":48}},"skip":true},"5":{"name":"(anonymous_5)","line":78,"loc":{"start":{"line":78,"column":26},"end":{"line":78,"column":45}},"skip":true},"6":{"name":"(anonymous_6)","line":123,"loc":{"start":{"line":123,"column":33},"end":{"line":123,"column":48}},"skip":true},"7":{"name":"(anonymous_7)","line":125,"loc":{"start":{"line":125,"column":27},"end":{"line":125,"column":39}},"skip":true},"8":{"name":"(anonymous_8)","line":133,"loc":{"start":{"line":133,"column":59},"end":{"line":133,"column":74}},"skip":true},"9":{"name":"(anonymous_9)","line":143,"loc":{"start":{"line":143,"column":45},"end":{"line":143,"column":62}},"skip":true},"10":{"name":"(anonymous_10)","line":144,"loc":{"start":{"line":144,"column":73},"end":{"line":144,"column":92}},"skip":true},"11":{"name":"(anonymous_11)","line":272,"loc":{"start":{"line":272,"column":51},"end":{"line":272,"column":77}},"skip":true},"12":{"name":"(anonymous_12)","line":315,"loc":{"start":{"line":315,"column":32},"end":{"line":315,"column":61}},"skip":true}},"statementMap":{"1":{"start":{"line":26,"column":0},"end":{"line":326,"column":5}},"2":{"start":{"line":28,"column":4},"end":{"line":28,"column":14}},"3":{"start":{"line":33,"column":4},"end":{"line":60,"column":9}},"4":{"start":{"line":35,"column":8},"end":{"line":35,"column":19}},"5":{"start":{"line":37,"column":8},"end":{"line":49,"column":13}},"6":{"start":{"line":38,"column":12},"end":{"line":48,"column":13}},"7":{"start":{"line":39,"column":16},"end":{"line":42,"column":30}},"8":{"start":{"line":44,"column":16},"end":{"line":47,"column":27}},"9":{"start":{"line":51,"column":8},"end":{"line":53,"column":21}},"10":{"start":{"line":55,"column":8},"end":{"line":57,"column":45}},"11":{"start":{"line":59,"column":8},"end":{"line":59,"column":35}},"12":{"start":{"line":61,"column":4},"end":{"line":325,"column":5}},"13":{"start":{"line":69,"column":8},"end":{"line":121,"column":10},"skip":true},"14":{"start":{"line":70,"column":12},"end":{"line":88,"column":13},"skip":true},"15":{"start":{"line":76,"column":16},"end":{"line":87,"column":19},"skip":true},"16":{"start":{"line":79,"column":20},"end":{"line":86,"column":21},"skip":true},"17":{"start":{"line":82,"column":24},"end":{"line":82,"column":43},"skip":true},"18":{"start":{"line":83,"column":24},"end":{"line":83,"column":30},"skip":true},"19":{"start":{"line":85,"column":24},"end":{"line":85,"column":49},"skip":true},"20":{"start":{"line":89,"column":12},"end":{"line":107,"column":13},"skip":true},"21":{"start":{"line":92,"column":16},"end":{"line":102,"column":17},"skip":true},"22":{"start":{"line":93,"column":20},"end":{"line":93,"column":86},"skip":true},"23":{"start":{"line":94,"column":20},"end":{"line":95,"column":45},"skip":true},"24":{"start":{"line":96,"column":20},"end":{"line":96,"column":42},"skip":true},"25":{"start":{"line":97,"column":20},"end":{"line":97,"column":48},"skip":true},"26":{"start":{"line":100,"column":20},"end":{"line":100,"column":85},"skip":true},"27":{"start":{"line":101,"column":20},"end":{"line":101,"column":96},"skip":true},"28":{"start":{"line":103,"column":16},"end":{"line":103,"column":22},"skip":true},"29":{"start":{"line":106,"column":16},"end":{"line":106,"column":22},"skip":true},"30":{"start":{"line":108,"column":12},"end":{"line":120,"column":13},"skip":true},"31":{"start":{"line":114,"column":16},"end":{"line":119,"column":17},"skip":true},"32":{"start":{"line":116,"column":20},"end":{"line":116,"column":78},"skip":true},"33":{"start":{"line":118,"column":20},"end":{"line":118,"column":47},"skip":true},"34":{"start":{"line":123,"column":8},"end":{"line":141,"column":11},"skip":true},"35":{"start":{"line":124,"column":12},"end":{"line":124,"column":54},"skip":true},"36":{"start":{"line":125,"column":12},"end":{"line":140,"column":14},"skip":true},"37":{"start":{"line":126,"column":16},"end":{"line":126,"column":28},"skip":true},"38":{"start":{"line":127,"column":16},"end":{"line":127,"column":69},"skip":true},"39":{"start":{"line":128,"column":16},"end":{"line":128,"column":75},"skip":true},"40":{"start":{"line":129,"column":16},"end":{"line":131,"column":17},"skip":true},"41":{"start":{"line":130,"column":20},"end":{"line":130,"column":27},"skip":true},"42":{"start":{"line":133,"column":16},"end":{"line":137,"column":36},"skip":true},"43":{"start":{"line":134,"column":20},"end":{"line":136,"column":55},"skip":true},"44":{"start":{"line":139,"column":16},"end":{"line":139,"column":57},"skip":true},"45":{"start":{"line":143,"column":8},"end":{"line":147,"column":11},"skip":true},"46":{"start":{"line":144,"column":12},"end":{"line":146,"column":15},"skip":true},"47":{"start":{"line":145,"column":16},"end":{"line":145,"column":70},"skip":true},"48":{"start":{"line":149,"column":8},"end":{"line":149,"column":31},"skip":true},"49":{"start":{"line":150,"column":8},"end":{"line":150,"column":14},"skip":true},"50":{"start":{"line":158,"column":8},"end":{"line":158,"column":31},"skip":true},"51":{"start":{"line":160,"column":8},"end":{"line":160,"column":33},"skip":true},"52":{"start":{"line":161,"column":8},"end":{"line":161,"column":37},"skip":true},"53":{"start":{"line":162,"column":8},"end":{"line":162,"column":35},"skip":true},"54":{"start":{"line":164,"column":8},"end":{"line":164,"column":50},"skip":true},"55":{"start":{"line":166,"column":8},"end":{"line":256,"column":2},"skip":true},"56":{"start":{"line":258,"column":8},"end":{"line":286,"column":9},"skip":true},"57":{"start":{"line":259,"column":12},"end":{"line":269,"column":14},"skip":true},"58":{"start":{"line":271,"column":12},"end":{"line":285,"column":19},"skip":true},"59":{"start":{"line":274,"column":20},"end":{"line":274,"column":35},"skip":true},"60":{"start":{"line":275,"column":20},"end":{"line":284,"column":21},"skip":true},"61":{"start":{"line":277,"column":24},"end":{"line":277,"column":64},"skip":true},"62":{"start":{"line":279,"column":24},"end":{"line":279,"column":40},"skip":true},"63":{"start":{"line":281,"column":24},"end":{"line":281,"column":40},"skip":true},"64":{"start":{"line":283,"column":24},"end":{"line":283,"column":39},"skip":true},"65":{"start":{"line":288,"column":8},"end":{"line":290,"column":9},"skip":true},"66":{"start":{"line":289,"column":12},"end":{"line":289,"column":18},"skip":true},"67":{"start":{"line":291,"column":8},"end":{"line":293,"column":54},"skip":true},"68":{"start":{"line":296,"column":8},"end":{"line":301,"column":37},"skip":true},"69":{"start":{"line":303,"column":8},"end":{"line":303,"column":82},"skip":true},"70":{"start":{"line":306,"column":8},"end":{"line":308,"column":9},"skip":true},"71":{"start":{"line":307,"column":12},"end":{"line":307,"column":82},"skip":true},"72":{"start":{"line":310,"column":8},"end":{"line":312,"column":9},"skip":true},"73":{"start":{"line":311,"column":12},"end":{"line":311,"column":18},"skip":true},"74":{"start":{"line":313,"column":8},"end":{"line":313,"column":54},"skip":true},"75":{"start":{"line":314,"column":8},"end":{"line":314,"column":69},"skip":true},"76":{"start":{"line":315,"column":8},"end":{"line":323,"column":36},"skip":true},"77":{"start":{"line":316,"column":12},"end":{"line":316,"column":61},"skip":true},"78":{"start":{"line":317,"column":12},"end":{"line":320,"column":13},"skip":true},"79":{"start":{"line":318,"column":16},"end":{"line":318,"column":75},"skip":true},"80":{"start":{"line":319,"column":16},"end":{"line":319,"column":23},"skip":true},"81":{"start":{"line":321,"column":12},"end":{"line":321,"column":38},"skip":true},"82":{"start":{"line":322,"column":12},"end":{"line":322,"column":27},"skip":true},"83":{"start":{"line":324,"column":8},"end":{"line":324,"column":14},"skip":true}},"branchMap":{"1":{"line":39,"type":"binary-expr","locations":[{"start":{"line":39,"column":23},"end":{"line":39,"column":62}},{"start":{"line":40,"column":20},"end":{"line":40,"column":70}},{"start":{"line":41,"column":20},"end":{"line":41,"column":71}},{"start":{"line":42,"column":20},"end":{"line":42,"column":29}}]},"2":{"line":44,"type":"binary-expr","locations":[{"start":{"line":44,"column":23},"end":{"line":44,"column":37}},{"start":{"line":45,"column":20},"end":{"line":45,"column":61}},{"start":{"line":46,"column":20},"end":{"line":46,"column":70}},{"start":{"line":47,"column":20},"end":{"line":47,"column":26}}]},"3":{"line":51,"type":"cond-expr","locations":[{"start":{"line":52,"column":14},"end":{"line":52,"column":20}},{"start":{"line":53,"column":14},"end":{"line":53,"column":20}}]},"4":{"line":55,"type":"binary-expr","locations":[{"start":{"line":55,"column":16},"end":{"line":55,"column":44}},{"start":{"line":55,"column":49},"end":{"line":57,"column":43}}]},"5":{"line":55,"type":"cond-expr","locations":[{"start":{"line":56,"column":14},"end":{"line":56,"column":47}},{"start":{"line":57,"column":14},"end":{"line":57,"column":43}}]},"6":{"line":61,"type":"switch","locations":[{"start":{"line":68,"column":4},"end":{"line":150,"column":14},"skip":true},{"start":{"line":156,"column":4},"end":{"line":324,"column":14},"skip":true}]},"7":{"line":70,"type":"if","locations":[{"start":{"line":70,"column":12},"end":{"line":70,"column":12},"skip":true},{"start":{"line":70,"column":12},"end":{"line":70,"column":12},"skip":true}]},"8":{"line":70,"type":"binary-expr","locations":[{"start":{"line":70,"column":16},"end":{"line":70,"column":22},"skip":true},{"start":{"line":70,"column":27},"end":{"line":70,"column":32},"skip":true},{"start":{"line":71,"column":20},"end":{"line":71,"column":39},"skip":true},{"start":{"line":72,"column":20},"end":{"line":72,"column":49},"skip":true},{"start":{"line":73,"column":20},"end":{"line":73,"column":58},"skip":true},{"start":{"line":74,"column":20},"end":{"line":74,"column":69},"skip":true}]},"9":{"line":79,"type":"switch","locations":[{"start":{"line":80,"column":20},"end":{"line":80,"column":33},"skip":true},{"start":{"line":81,"column":20},"end":{"line":83,"column":30},"skip":true},{"start":{"line":84,"column":20},"end":{"line":85,"column":49},"skip":true}]},"10":{"line":89,"type":"switch","locations":[{"start":{"line":90,"column":12},"end":{"line":103,"column":22},"skip":true},{"start":{"line":105,"column":12},"end":{"line":106,"column":22},"skip":true}]},"11":{"line":89,"type":"binary-expr","locations":[{"start":{"line":89,"column":20},"end":{"line":89,"column":25},"skip":true},{"start":{"line":89,"column":29},"end":{"line":89,"column":48},"skip":true},{"start":{"line":89,"column":52},"end":{"line":89,"column":74},"skip":true}]},"12":{"line":92,"type":"if","locations":[{"start":{"line":92,"column":16},"end":{"line":92,"column":16},"skip":true},{"start":{"line":92,"column":16},"end":{"line":92,"column":16},"skip":true}]},"13":{"line":108,"type":"if","locations":[{"start":{"line":108,"column":12},"end":{"line":108,"column":12},"skip":true},{"start":{"line":108,"column":12},"end":{"line":108,"column":12},"skip":true}]},"14":{"line":108,"type":"binary-expr","locations":[{"start":{"line":108,"column":16},"end":{"line":108,"column":61},"skip":true},{"start":{"line":108,"column":66},"end":{"line":108,"column":72},"skip":true},{"start":{"line":108,"column":77},"end":{"line":108,"column":82},"skip":true},{"start":{"line":109,"column":20},"end":{"line":109,"column":39},"skip":true},{"start":{"line":110,"column":20},"end":{"line":110,"column":49},"skip":true},{"start":{"line":111,"column":20},"end":{"line":111,"column":58},"skip":true},{"start":{"line":112,"column":20},"end":{"line":112,"column":68},"skip":true}]},"15":{"line":129,"type":"if","locations":[{"start":{"line":129,"column":16},"end":{"line":129,"column":16},"skip":true},{"start":{"line":129,"column":16},"end":{"line":129,"column":16},"skip":true}]},"16":{"line":134,"type":"cond-expr","locations":[{"start":{"line":135,"column":26},"end":{"line":135,"column":29},"skip":true},{"start":{"line":136,"column":26},"end":{"line":136,"column":54},"skip":true}]},"17":{"line":164,"type":"binary-expr","locations":[{"start":{"line":164,"column":27},"end":{"line":164,"column":43},"skip":true},{"start":{"line":164,"column":47},"end":{"line":164,"column":49},"skip":true}]},"18":{"line":258,"type":"if","locations":[{"start":{"line":258,"column":8},"end":{"line":258,"column":8},"skip":true},{"start":{"line":258,"column":8},"end":{"line":258,"column":8},"skip":true}]},"19":{"line":275,"type":"switch","locations":[{"start":{"line":276,"column":20},"end":{"line":277,"column":64},"skip":true},{"start":{"line":278,"column":20},"end":{"line":279,"column":40},"skip":true},{"start":{"line":280,"column":20},"end":{"line":281,"column":40},"skip":true},{"start":{"line":282,"column":20},"end":{"line":283,"column":39},"skip":true}]},"20":{"line":288,"type":"if","locations":[{"start":{"line":288,"column":8},"end":{"line":288,"column":8},"skip":true},{"start":{"line":288,"column":8},"end":{"line":288,"column":8},"skip":true}]},"21":{"line":288,"type":"binary-expr","locations":[{"start":{"line":288,"column":12},"end":{"line":288,"column":40},"skip":true},{"start":{"line":288,"column":44},"end":{"line":288,"column":67},"skip":true}]},"22":{"line":292,"type":"binary-expr","locations":[{"start":{"line":292,"column":12},"end":{"line":292,"column":50},"skip":true},{"start":{"line":293,"column":12},"end":{"line":293,"column":53},"skip":true}]},"23":{"line":297,"type":"binary-expr","locations":[{"start":{"line":297,"column":12},"end":{"line":297,"column":61},"skip":true},{"start":{"line":298,"column":12},"end":{"line":301,"column":36},"skip":true}]},"24":{"line":303,"type":"binary-expr","locations":[{"start":{"line":303,"column":43},"end":{"line":303,"column":75},"skip":true},{"start":{"line":303,"column":79},"end":{"line":303,"column":81},"skip":true}]},"25":{"line":306,"type":"if","locations":[{"start":{"line":306,"column":8},"end":{"line":306,"column":8},"skip":true},{"start":{"line":306,"column":8},"end":{"line":306,"column":8},"skip":true}]},"26":{"line":310,"type":"if","locations":[{"start":{"line":310,"column":8},"end":{"line":310,"column":8},"skip":true},{"start":{"line":310,"column":8},"end":{"line":310,"column":8},"skip":true}]},"27":{"line":313,"type":"binary-expr","locations":[{"start":{"line":313,"column":27},"end":{"line":313,"column":43},"skip":true},{"start":{"line":313,"column":47},"end":{"line":313,"column":53},"skip":true}]},"28":{"line":317,"type":"if","locations":[{"start":{"line":317,"column":12},"end":{"line":317,"column":12},"skip":true},{"start":{"line":317,"column":12},"end":{"line":317,"column":12},"skip":true}]}},"code":["/*","example.js","","quickstart example","","instruction","    1. save this script as example.js","    2. run the shell command:","        $ npm install npmtest-dat && PORT=8081 node example.js","    3. play with the browser-demo on http://127.0.0.1:8081","*/","","","","/* istanbul instrument in package npmtest_dat */","/*jslint","    bitwise: true,","    browser: true,","    maxerr: 8,","    maxlen: 96,","    node: true,","    nomen: true,","    regexp: true,","    stupid: true","*/","(function () {","    'use strict';","    var local;","","","","    // run shared js-env code - init-before","    (function () {","        // init local","        local = {};","        // init modeJs","        local.modeJs = (function () {","            try {","                return typeof navigator.userAgent === 'string' &&","                    typeof document.querySelector('body') === 'object' &&","                    typeof XMLHttpRequest.prototype.open === 'function' &&","                    'browser';","            } catch (errorCaughtBrowser) {","                return module.exports &&","                    typeof process.versions.node === 'string' &&","                    typeof require('http').createServer === 'function' &&","                    'node';","            }","        }());","        // init global","        local.global = local.modeJs === 'browser'","            ? window","            : global;","        // init utility2_rollup","        local = local.global.utility2_rollup || (local.modeJs === 'browser'","            ? local.global.utility2_npmtest_dat","            : global.utility2_moduleExports);","        // export local","        local.global.local = local;","    }());","    switch (local.modeJs) {","","","","    // init-after","    // run browser js-env code - init-after","    /* istanbul ignore next */","    case 'browser':","        local.testRunBrowser = function (event) {","            if (!event || (event &&","                    event.currentTarget &&","                    event.currentTarget.className &&","                    event.currentTarget.className.includes &&","                    event.currentTarget.className.includes('onreset'))) {","                // reset output","                Array.from(","                    document.querySelectorAll('body > .resettable')","                ).forEach(function (element) {","                    switch (element.tagName) {","                    case 'INPUT':","                    case 'TEXTAREA':","                        element.value = '';","                        break;","                    default:","                        element.textContent = '';","                    }","                });","            }","            switch (event && event.currentTarget && event.currentTarget.id) {","            case 'testRunButton1':","                // show tests","                if (document.querySelector('#testReportDiv1').style.display === 'none') {","                    document.querySelector('#testReportDiv1').style.display = 'block';","                    document.querySelector('#testRunButton1').textContent =","                        'hide internal test';","                    local.modeTest = true;","                    local.testRunDefault(local);","                // hide tests","                } else {","                    document.querySelector('#testReportDiv1').style.display = 'none';","                    document.querySelector('#testRunButton1').textContent = 'run internal test';","                }","                break;","            // custom-case","            default:","                break;","            }","            if (document.querySelector('#inputTextareaEval1') && (!event || (event &&","                    event.currentTarget &&","                    event.currentTarget.className &&","                    event.currentTarget.className.includes &&","                    event.currentTarget.className.includes('oneval')))) {","                // try to eval input-code","                try {","                    /*jslint evil: true*/","                    eval(document.querySelector('#inputTextareaEval1').value);","                } catch (errorCaught) {","                    console.error(errorCaught);","                }","            }","        };","        // log stderr and stdout to #outputTextareaStdout1","        ['error', 'log'].forEach(function (key) {","            console[key + '_original'] = console[key];","            console[key] = function () {","                var element;","                console[key + '_original'].apply(console, arguments);","                element = document.querySelector('#outputTextareaStdout1');","                if (!element) {","                    return;","                }","                // append text to #outputTextareaStdout1","                element.value += Array.from(arguments).map(function (arg) {","                    return typeof arg === 'string'","                        ? arg","                        : JSON.stringify(arg, null, 4);","                }).join(' ') + '\\n';","                // scroll textarea to bottom","                element.scrollTop = element.scrollHeight;","            };","        });","        // init event-handling","        ['change', 'click', 'keyup'].forEach(function (event) {","            Array.from(document.querySelectorAll('.on' + event)).forEach(function (element) {","                element.addEventListener(event, local.testRunBrowser);","            });","        });","        // run tests","        local.testRunBrowser();","        break;","","","","    // run node js-env code - init-after","    /* istanbul ignore next */","    case 'node':","        // export local","        module.exports = local;","        // require modules","        local.fs = require('fs');","        local.http = require('http');","        local.url = require('url');","        // init assets","        local.assetsDict = local.assetsDict || {};","        /* jslint-ignore-begin */","        local.assetsDict['/assets.index.template.html'] = '\\","<!doctype html>\\n\\","<html lang=\"en\">\\n\\","<head>\\n\\","<meta charset=\"UTF-8\">\\n\\","<meta name=\"viewport\" content=\"width=device-width, initial-scale=1\">\\n\\","<title>{{env.npm_package_name}} (v{{env.npm_package_version}})</title>\\n\\","<style>\\n\\","/*csslint\\n\\","    box-sizing: false,\\n\\","    universal-selector: false\\n\\","*/\\n\\","* {\\n\\","    box-sizing: border-box;\\n\\","}\\n\\","body {\\n\\","    background: #dde;\\n\\","    font-family: Arial, Helvetica, sans-serif;\\n\\","    margin: 2rem;\\n\\","}\\n\\","body > * {\\n\\","    margin-bottom: 1rem;\\n\\","}\\n\\",".utility2FooterDiv {\\n\\","    margin-top: 20px;\\n\\","    text-align: center;\\n\\","}\\n\\","</style>\\n\\","<style>\\n\\","/*csslint\\n\\","*/\\n\\","textarea {\\n\\","    font-family: monospace;\\n\\","    height: 10rem;\\n\\","    width: 100%;\\n\\","}\\n\\","textarea[readonly] {\\n\\","    background: #ddd;\\n\\","}\\n\\","</style>\\n\\","</head>\\n\\","<body>\\n\\","<!-- utility2-comment\\n\\","<div id=\"ajaxProgressDiv1\" style=\"background: #d00; height: 2px; left: 0; margin: 0; padding: 0; position: fixed; top: 0; transition: background 0.5s, width 1.5s; width: 25%;\"></div>\\n\\","utility2-comment -->\\n\\","<h1>\\n\\","<!-- utility2-comment\\n\\","    <a\\n\\","        {{#if env.npm_package_homepage}}\\n\\","        href=\"{{env.npm_package_homepage}}\"\\n\\","        {{/if env.npm_package_homepage}}\\n\\","        target=\"_blank\"\\n\\","    >\\n\\","utility2-comment -->\\n\\","        {{env.npm_package_name}} (v{{env.npm_package_version}})\\n\\","<!-- utility2-comment\\n\\","    </a>\\n\\","utility2-comment -->\\n\\","</h1>\\n\\","<h3>{{env.npm_package_description}}</h3>\\n\\","<!-- utility2-comment\\n\\","<h4><a download href=\"assets.app.js\">download standalone app</a></h4>\\n\\","<button class=\"onclick onreset\" id=\"testRunButton1\">run internal test</button><br>\\n\\","<div id=\"testReportDiv1\" style=\"display: none;\"></div>\\n\\","utility2-comment -->\\n\\","\\n\\","\\n\\","\\n\\","<label>stderr and stdout</label>\\n\\","<textarea class=\"resettable\" id=\"outputTextareaStdout1\" readonly></textarea>\\n\\","<!-- utility2-comment\\n\\","{{#if isRollup}}\\n\\","<script src=\"assets.app.js\"></script>\\n\\","{{#unless isRollup}}\\n\\","utility2-comment -->\\n\\","<script src=\"assets.utility2.rollup.js\"></script>\\n\\","<script src=\"jsonp.utility2._stateInit?callback=window.utility2._stateInit\"></script>\\n\\","<script src=\"assets.npmtest_dat.rollup.js\"></script>\\n\\","<script src=\"assets.example.js\"></script>\\n\\","<script src=\"assets.test.js\"></script>\\n\\","<!-- utility2-comment\\n\\","{{/if isRollup}}\\n\\","utility2-comment -->\\n\\","<div class=\"utility2FooterDiv\">\\n\\","    [ this app was created with\\n\\","    <a href=\"https://github.com/kaizhu256/node-utility2\" target=\"_blank\">utility2</a>\\n\\","    ]\\n\\","</div>\\n\\","</body>\\n\\","</html>\\n\\","';","        /* jslint-ignore-end */","        if (local.templateRender) {","            local.assetsDict['/'] = local.templateRender(","                local.assetsDict['/assets.index.template.html'],","                {","                    env: local.objectSetDefault(local.env, {","                        npm_package_description: 'the greatest app in the world!',","                        npm_package_name: 'my-app',","                        npm_package_nameAlias: 'my_app',","                        npm_package_version: '0.0.1'","                    })","                }","            );","        } else {","            local.assetsDict['/'] = local.assetsDict['/assets.index.template.html']","                .replace((/\\{\\{env\\.(\\w+?)\\}\\}/g), function (match0, match1) {","                    // jslint-hack","                    String(match0);","                    switch (match1) {","                    case 'npm_package_description':","                        return 'the greatest app in the world!';","                    case 'npm_package_name':","                        return 'my-app';","                    case 'npm_package_nameAlias':","                        return 'my_app';","                    case 'npm_package_version':","                        return '0.0.1';","                    }","                });","        }","        // run the cli","        if (local.global.utility2_rollup || module !== require.main) {","            break;","        }","        local.assetsDict['/assets.example.js'] =","            local.assetsDict['/assets.example.js'] ||","            local.fs.readFileSync(__filename, 'utf8');","        // bug-workaround - long $npm_package_buildCustomOrg","        /* jslint-ignore-begin */","        local.assetsDict['/assets.npmtest_dat.rollup.js'] =","            local.assetsDict['/assets.npmtest_dat.rollup.js'] ||","            local.fs.readFileSync(","                local.npmtest_dat.__dirname + '/lib.npmtest_dat.js',","                'utf8'","            ).replace((/^#!/), '//');","        /* jslint-ignore-end */","        local.assetsDict['/favicon.ico'] = local.assetsDict['/favicon.ico'] || '';","        // if $npm_config_timeout_exit exists,","        // then exit this process after $npm_config_timeout_exit ms","        if (Number(process.env.npm_config_timeout_exit)) {","            setTimeout(process.exit, Number(process.env.npm_config_timeout_exit));","        }","        // start server","        if (local.global.utility2_serverHttp1) {","            break;","        }","        process.env.PORT = process.env.PORT || '8081';","        console.error('server starting on port ' + process.env.PORT);","        local.http.createServer(function (request, response) {","            request.urlParsed = local.url.parse(request.url);","            if (local.assetsDict[request.urlParsed.pathname] !== undefined) {","                response.end(local.assetsDict[request.urlParsed.pathname]);","                return;","            }","            response.statusCode = 404;","            response.end();","        }).listen(process.env.PORT);","        break;","    }","}());",""],"l":{"26":2,"28":2,"33":2,"35":2,"37":2,"38":2,"39":2,"44":1,"51":2,"55":2,"59":2,"61":2,"69":1,"70":2,"76":2,"79":2,"82":2,"83":2,"85":1,"89":2,"92":1,"93":1,"94":1,"96":1,"97":1,"100":1,"101":1,"103":1,"106":1,"108":2,"114":1,"116":1,"118":1,"123":1,"124":2,"125":2,"126":3,"127":3,"128":3,"129":3,"130":1,"133":3,"134":3,"139":3,"143":1,"144":3,"145":1,"149":1,"150":1,"158":1,"160":1,"161":1,"162":1,"164":1,"166":1,"258":1,"259":1,"271":1,"274":6,"275":6,"277":1,"279":2,"281":1,"283":2,"288":1,"289":1,"291":1,"296":1,"303":1,"306":1,"307":1,"310":1,"311":1,"313":1,"314":1,"315":1,"316":1,"317":1,"318":1,"319":1,"321":1,"322":1,"324":1}},"/home/travis/build/npmtest/node-npmtest-dat/node_modules/dat/bin/cli.js":{"path":"/home/travis/build/npmtest/node-npmtest-dat/node_modules/dat/bin/cli.js","s":{"1":4,"2":4,"3":4,"4":4,"5":4,"6":4,"7":4,"8":4,"9":0,"10":0,"11":1,"12":0,"13":0,"14":0,"15":0,"16":0,"17":1,"18":0,"19":0,"20":0,"21":0,"22":0,"23":0,"24":0,"25":0,"26":0,"27":0,"28":0,"29":0,"30":0,"31":0,"32":0,"33":0,"34":0,"35":0,"36":0,"37":0,"38":0,"39":0,"40":0,"41":1,"42":0},"b":{"1":[0,0],"2":[0,0],"3":[0,0],"4":[0,0],"5":[0,0],"6":[0,0],"7":[0,0]},"f":{"1":0,"2":0,"3":0,"4":0,"5":0},"fnMap":{"1":{"name":"alias","line":63,"loc":{"start":{"line":63,"column":0},"end":{"line":63,"column":22}}},"2":{"name":"syncShorthand","line":70,"loc":{"start":{"line":70,"column":0},"end":{"line":70,"column":30}}},"3":{"name":"(anonymous_3)","line":84,"loc":{"start":{"line":84,"column":23},"end":{"line":84,"column":35}}},"4":{"name":"(anonymous_4)","line":93,"loc":{"start":{"line":93,"column":24},"end":{"line":93,"column":45}}},"5":{"name":"done","line":104,"loc":{"start":{"line":104,"column":2},"end":{"line":104,"column":19}}}},"statementMap":{"1":{"start":{"line":3,"column":0},"end":{"line":3,"column":22}},"2":{"start":{"line":4,"column":0},"end":{"line":4,"column":30}},"3":{"start":{"line":5,"column":0},"end":{"line":5,"column":38}},"4":{"start":{"line":6,"column":0},"end":{"line":6,"column":38}},"5":{"start":{"line":7,"column":0},"end":{"line":7,"column":35}},"6":{"start":{"line":8,"column":0},"end":{"line":8,"column":35}},"7":{"start":{"line":10,"column":0},"end":{"line":10,"column":21}},"8":{"start":{"line":12,"column":0},"end":{"line":58,"column":1}},"9":{"start":{"line":60,"column":0},"end":{"line":60,"column":30}},"10":{"start":{"line":61,"column":0},"end":{"line":61,"column":35}},"11":{"start":{"line":63,"column":0},"end":{"line":68,"column":1}},"12":{"start":{"line":64,"column":2},"end":{"line":64,"column":19}},"13":{"start":{"line":65,"column":2},"end":{"line":65,"column":39}},"14":{"start":{"line":65,"column":28},"end":{"line":65,"column":39}},"15":{"start":{"line":66,"column":2},"end":{"line":66,"column":31}},"16":{"start":{"line":67,"column":2},"end":{"line":67,"column":13}},"17":{"start":{"line":70,"column":0},"end":{"line":107,"column":1}},"18":{"start":{"line":71,"column":2},"end":{"line":71,"column":35}},"19":{"start":{"line":71,"column":22},"end":{"line":71,"column":35}},"20":{"start":{"line":72,"column":2},"end":{"line":72,"column":32}},"21":{"start":{"line":73,"column":2},"end":{"line":73,"column":13}},"22":{"start":{"line":75,"column":2},"end":{"line":102,"column":3}},"23":{"start":{"line":77,"column":4},"end":{"line":87,"column":33}},"24":{"start":{"line":78,"column":6},"end":{"line":78,"column":25}},"25":{"start":{"line":79,"column":6},"end":{"line":79,"column":42}},"26":{"start":{"line":80,"column":6},"end":{"line":80,"column":26}},"27":{"start":{"line":82,"column":6},"end":{"line":82,"column":31}},"28":{"start":{"line":84,"column":6},"end":{"line":86,"column":8}},"29":{"start":{"line":85,"column":8},"end":{"line":85,"column":48}},"30":{"start":{"line":87,"column":18},"end":{"line":87,"column":32}},"31":{"start":{"line":90,"column":4},"end":{"line":101,"column":33}},"32":{"start":{"line":91,"column":6},"end":{"line":91,"column":25}},"33":{"start":{"line":92,"column":6},"end":{"line":92,"column":26}},"34":{"start":{"line":93,"column":6},"end":{"line":100,"column":8}},"35":{"start":{"line":94,"column":8},"end":{"line":94,"column":58}},"36":{"start":{"line":94,"column":40},"end":{"line":94,"column":58}},"37":{"start":{"line":97,"column":8},"end":{"line":97,"column":39}},"38":{"start":{"line":98,"column":8},"end":{"line":98,"column":41}},"39":{"start":{"line":99,"column":8},"end":{"line":99,"column":53}},"40":{"start":{"line":101,"column":18},"end":{"line":101,"column":32}},"41":{"start":{"line":104,"column":2},"end":{"line":106,"column":3}},"42":{"start":{"line":105,"column":4},"end":{"line":105,"column":22}}},"branchMap":{"1":{"line":65,"type":"if","locations":[{"start":{"line":65,"column":2},"end":{"line":65,"column":2}},{"start":{"line":65,"column":2},"end":{"line":65,"column":2}}]},"2":{"line":71,"type":"if","locations":[{"start":{"line":71,"column":2},"end":{"line":71,"column":2}},{"start":{"line":71,"column":2},"end":{"line":71,"column":2}}]},"3":{"line":75,"type":"if","locations":[{"start":{"line":75,"column":2},"end":{"line":75,"column":2}},{"start":{"line":75,"column":2},"end":{"line":75,"column":2}}]},"4":{"line":94,"type":"if","locations":[{"start":{"line":94,"column":8},"end":{"line":94,"column":8}},{"start":{"line":94,"column":8},"end":{"line":94,"column":8}}]},"5":{"line":94,"type":"binary-expr","locations":[{"start":{"line":94,"column":12},"end":{"line":94,"column":15}},{"start":{"line":94,"column":19},"end":{"line":94,"column":38}}]},"6":{"line":97,"type":"binary-expr","locations":[{"start":{"line":97,"column":21},"end":{"line":97,"column":31}},{"start":{"line":97,"column":35},"end":{"line":97,"column":39}}]},"7":{"line":98,"type":"binary-expr","locations":[{"start":{"line":98,"column":22},"end":{"line":98,"column":33}},{"start":{"line":98,"column":37},"end":{"line":98,"column":41}}]}},"code":["//#!/usr/bin/env node","","var fs = require('fs')","var mkdirp = require('mkdirp')","var subcommand = require('subcommand')","var encoding = require('dat-encoding')","var debug = require('debug')('dat')","var usage = require('../lib/usage')","","process.title = 'dat'","","var config = {","  defaults: [","    { name: 'dir', default: process.cwd(), help: 'set the directory for Dat' },","    { name: 'logspeed', default: 200 },","    { name: 'port', default: 3282, help: 'port to use for connections' },","    { name: 'utp', default: true, boolean: true, help: 'use utp for discovery' },","    { name: 'debug', default: process.env.DEBUG }, // TODO: does not work right now","    { name: 'quiet', default: false, boolean: true },","    { name: 'verifyReplicationReads', default: true, boolean: true }","  ],","  root: {","    options: [","      {","        name: 'version',","        boolean: true,","        default: false,","        abbr: 'v'","      }","    ],","    command: usage","  },","  none: syncShorthand,","  commands: [","    require('../lib/commands/clone'),","    require('../lib/commands/create'),","    require('../lib/commands/doctor'),","    require('../lib/commands/publish'),","    require('../lib/commands/pull'),","    require('../lib/commands/share'),","    require('../lib/commands/snapshot'),","    require('../lib/commands/sync'),","    require('../lib/commands/auth/register'),","    require('../lib/commands/auth/whoami'),","    require('../lib/commands/auth/logout'),","    require('../lib/commands/auth/login')","  ],","  usage: {","    command: usage,","    option: {","      name: 'help',","      abbr: 'h'","    }","  },","  aliases: {","    'init': 'create'","  }","}","","var match = subcommand(config)","match(alias(process.argv.slice(2)))","","function alias (argv) {","  var cmd = argv[0]","  if (!config.aliases[cmd]) return argv","  argv[0] = config.aliases[cmd]","  return argv","}","","function syncShorthand (opts) {","  if (!opts._.length) return done()","  debug('Sync shortcut command')","  debug(opts)","","  if (opts._.length > 1) {","    // dat <link> {dir} - clone/resume <link> in {dir}","    try {","      debug('Clone sync')","      opts.key = encoding.toStr(opts._[0])","      opts.dir = opts._[1]","      // make dir & start download","      debug('mkdirp', opts.dir)","      // TODO: do I want to mkdirp? or only one child?","      mkdirp(opts.dir, function () {","        require('../lib/download')('sync', opts)","      })","    } catch (e) { return done() }","  } else {","    // dat {dir} - sync existing dat in {dir}","    try {","      debug('Share sync')","      opts.dir = opts._[0]","      fs.stat(opts.dir, function (err, stat) {","        if (err || !stat.isDirectory()) return usage(opts)","","        // Set default opts. TODO: use default opts in sync","        opts.watch = opts.watch || true","        opts.import = opts.import || true","        require('../lib/commands/sync').command(opts)","      })","    } catch (e) { return done() }","  }","","  function done () {","    return usage(opts)","  }","}",""],"l":{"3":4,"4":4,"5":4,"6":4,"7":4,"8":4,"10":4,"12":4,"60":0,"61":0,"63":1,"64":0,"65":0,"66":0,"67":0,"70":1,"71":0,"72":0,"73":0,"75":0,"77":0,"78":0,"79":0,"80":0,"82":0,"84":0,"85":0,"87":0,"90":0,"91":0,"92":0,"93":0,"94":0,"97":0,"98":0,"99":0,"101":0,"104":1,"105":0}},"/home/travis/build/npmtest/node-npmtest-dat/node_modules/dat-encoding/index.js":{"path":"/home/travis/build/npmtest/node-npmtest-dat/node_modules/dat-encoding/index.js","s":{"1":1,"2":1,"3":0,"4":0,"5":0,"6":0,"7":0,"8":0,"9":0,"10":1,"11":0,"12":0,"13":0,"14":0,"15":0,"16":0,"17":0,"18":0,"19":1,"20":1},"b":{"1":[0,0],"2":[0,0],"3":[0,0],"4":[0,0],"5":[0,0],"6":[0,0]},"f":{"1":0,"2":0},"fnMap":{"1":{"name":"encode","line":5,"loc":{"start":{"line":5,"column":0},"end":{"line":5,"column":22}}},"2":{"name":"decode","line":12,"loc":{"start":{"line":12,"column":0},"end":{"line":12,"column":22}}}},"statementMap":{"1":{"start":{"line":3,"column":0},"end":{"line":3,"column":42}},"2":{"start":{"line":5,"column":0},"end":{"line":10,"column":1}},"3":{"start":{"line":6,"column":2},"end":{"line":6,"column":57}},"4":{"start":{"line":6,"column":31},"end":{"line":6,"column":57}},"5":{"start":{"line":7,"column":2},"end":{"line":7,"column":60}},"6":{"start":{"line":7,"column":29},"end":{"line":7,"column":60}},"7":{"start":{"line":8,"column":2},"end":{"line":8,"column":58}},"8":{"start":{"line":8,"column":25},"end":{"line":8,"column":58}},"9":{"start":{"line":9,"column":2},"end":{"line":9,"column":28}},"10":{"start":{"line":12,"column":0},"end":{"line":18,"column":1}},"11":{"start":{"line":13,"column":2},"end":{"line":13,"column":54}},"12":{"start":{"line":13,"column":28},"end":{"line":13,"column":54}},"13":{"start":{"line":14,"column":2},"end":{"line":14,"column":62}},"14":{"start":{"line":14,"column":31},"end":{"line":14,"column":62}},"15":{"start":{"line":15,"column":2},"end":{"line":15,"column":39}},"16":{"start":{"line":16,"column":2},"end":{"line":16,"column":44}},"17":{"start":{"line":16,"column":14},"end":{"line":16,"column":44}},"18":{"start":{"line":17,"column":2},"end":{"line":17,"column":37}},"19":{"start":{"line":20,"column":0},"end":{"line":20,"column":39}},"20":{"start":{"line":21,"column":0},"end":{"line":21,"column":39}}},"branchMap":{"1":{"line":6,"type":"if","locations":[{"start":{"line":6,"column":2},"end":{"line":6,"column":2}},{"start":{"line":6,"column":2},"end":{"line":6,"column":2}}]},"2":{"line":7,"type":"if","locations":[{"start":{"line":7,"column":2},"end":{"line":7,"column":2}},{"start":{"line":7,"column":2},"end":{"line":7,"column":2}}]},"3":{"line":8,"type":"if","locations":[{"start":{"line":8,"column":2},"end":{"line":8,"column":2}},{"start":{"line":8,"column":2},"end":{"line":8,"column":2}}]},"4":{"line":13,"type":"if","locations":[{"start":{"line":13,"column":2},"end":{"line":13,"column":2}},{"start":{"line":13,"column":2},"end":{"line":13,"column":2}}]},"5":{"line":14,"type":"if","locations":[{"start":{"line":14,"column":2},"end":{"line":14,"column":2}},{"start":{"line":14,"column":2},"end":{"line":14,"column":2}}]},"6":{"line":16,"type":"if","locations":[{"start":{"line":16,"column":2},"end":{"line":16,"column":2}},{"start":{"line":16,"column":2},"end":{"line":16,"column":2}}]}},"code":["'use strict'","","var Buffer = require('safe-buffer').Buffer","","function encode (buf) {","  if (typeof buf === 'string') return encode(decode(buf))","  if (!Buffer.isBuffer(buf)) throw new Error('Not a buffer')","  if (buf.length !== 32) throw new Error('Invalid buffer')","  return buf.toString('hex')","}","","function decode (str) {","  if (Buffer.isBuffer(str)) return decode(encode(str))","  if (typeof str !== 'string') throw new Error('Not a string')","  var match = /\\/?([^/]{64})/.exec(str)","  if (!match) throw new Error('Invalid key')","  return Buffer.from(match[1], 'hex')","}","","exports.encode = exports.toStr = encode","exports.decode = exports.toBuf = decode",""],"l":{"3":1,"5":1,"6":0,"7":0,"8":0,"9":0,"12":1,"13":0,"14":0,"15":0,"16":0,"17":0,"20":1,"21":1}},"/home/travis/build/npmtest/node-npmtest-dat/node_modules/dat/lib/usage.js":{"path":"/home/travis/build/npmtest/node-npmtest-dat/node_modules/dat/lib/usage.js","s":{"1":1,"2":0,"3":0,"4":0,"5":0,"6":0,"7":0,"8":0,"9":0,"10":0,"11":0,"12":0,"13":0,"14":0,"15":0,"16":0,"17":0,"18":0,"19":0,"20":0,"21":0,"22":0,"23":0,"24":0,"25":0,"26":0,"27":0,"28":0},"b":{"1":[0,0],"2":[0,0]},"f":{"1":0},"fnMap":{"1":{"name":"(anonymous_1)","line":1,"loc":{"start":{"line":1,"column":17},"end":{"line":1,"column":46}}}},"statementMap":{"1":{"start":{"line":1,"column":0},"end":{"line":31,"column":1}},"2":{"start":{"line":2,"column":2},"end":{"line":6,"column":3}},"3":{"start":{"line":3,"column":4},"end":{"line":3,"column":40}},"4":{"start":{"line":4,"column":4},"end":{"line":4,"column":30}},"5":{"start":{"line":5,"column":4},"end":{"line":5,"column":19}},"6":{"start":{"line":7,"column":2},"end":{"line":7,"column":45}},"7":{"start":{"line":8,"column":2},"end":{"line":8,"column":19}},"8":{"start":{"line":9,"column":2},"end":{"line":9,"column":33}},"9":{"start":{"line":10,"column":2},"end":{"line":10,"column":72}},"10":{"start":{"line":11,"column":2},"end":{"line":11,"column":97}},"11":{"start":{"line":12,"column":2},"end":{"line":12,"column":92}},"12":{"start":{"line":13,"column":2},"end":{"line":13,"column":81}},"13":{"start":{"line":14,"column":2},"end":{"line":14,"column":19}},"14":{"start":{"line":15,"column":2},"end":{"line":15,"column":37}},"15":{"start":{"line":16,"column":2},"end":{"line":16,"column":72}},"16":{"start":{"line":17,"column":2},"end":{"line":17,"column":83}},"17":{"start":{"line":18,"column":2},"end":{"line":18,"column":77}},"18":{"start":{"line":19,"column":2},"end":{"line":19,"column":19}},"19":{"start":{"line":20,"column":2},"end":{"line":20,"column":42}},"20":{"start":{"line":21,"column":2},"end":{"line":21,"column":76}},"21":{"start":{"line":22,"column":2},"end":{"line":22,"column":74}},"22":{"start":{"line":23,"column":2},"end":{"line":23,"column":72}},"23":{"start":{"line":24,"column":2},"end":{"line":24,"column":19}},"24":{"start":{"line":25,"column":2},"end":{"line":28,"column":3}},"25":{"start":{"line":26,"column":4},"end":{"line":26,"column":37}},"26":{"start":{"line":27,"column":4},"end":{"line":27,"column":24}},"27":{"start":{"line":29,"column":2},"end":{"line":29,"column":72}},"28":{"start":{"line":30,"column":2},"end":{"line":30,"column":17}}},"branchMap":{"1":{"line":2,"type":"if","locations":[{"start":{"line":2,"column":2},"end":{"line":2,"column":2}},{"start":{"line":2,"column":2},"end":{"line":2,"column":2}}]},"2":{"line":25,"type":"if","locations":[{"start":{"line":25,"column":2},"end":{"line":25,"column":2}},{"start":{"line":25,"column":2},"end":{"line":25,"column":2}}]}},"code":["module.exports = function (opts, help, usage) {","  if (opts.version) {","    var pkg = require('../package.json')","    console.error(pkg.version)","    process.exit(1)","  }","  console.error('Usage: dat <cmd> [options]')","  console.error('')","  console.error('Sharing Files:')","  console.error('   dat create [<dir>]          create a local archive')","  console.error('   dat sync                    watch for changes & sync files with the network')","  console.error('   dat share                   create and sync an archive in one command!')","  console.error('   dat snapshot                create a local snapshot archive')","  console.error('')","  console.error('Downloading Files:')","  console.error('   dat clone <link> [<dir>]    clone a remote archive')","  console.error('   dat pull                    update from remote archive & exit')","  console.error('   dat sync                    sync files with the network')","  console.error('')","  console.error('Help & Troubleshooting:')","  console.error('   dat doctor                  run the dat network doctor')","  console.error('   dat [<command>] --help, -h  print help for a command')","  console.error('   dat --version, -v           print your dat version')","  console.error('')","  if (usage) {","    console.error('General Options:')","    console.error(usage)","  }","  console.error('Have fun using Dat! Learn more at docs.datproject.org')","  process.exit(1)","}",""],"l":{"1":1,"2":0,"3":0,"4":0,"5":0,"7":0,"8":0,"9":0,"10":0,"11":0,"12":0,"13":0,"14":0,"15":0,"16":0,"17":0,"18":0,"19":0,"20":0,"21":0,"22":0,"23":0,"24":0,"25":0,"26":0,"27":0,"29":0,"30":0}},"/home/travis/build/npmtest/node-npmtest-dat/node_modules/dat/lib/commands/clone.js":{"path":"/home/travis/build/npmtest/node-npmtest-dat/node_modules/dat/lib/commands/clone.js","s":{"1":6,"2":6,"3":0,"4":0,"5":0,"6":0,"7":0,"8":1,"9":0,"10":0,"11":0,"12":0,"13":0,"14":0,"15":0,"16":0,"17":0,"18":0,"19":0,"20":0,"21":0,"22":0,"23":1,"24":0,"25":0,"26":0,"27":0,"28":0,"29":0,"30":0,"31":0,"32":0,"33":0,"34":0,"35":0,"36":0,"37":0,"38":1,"39":0,"40":1,"41":0,"42":0,"43":0,"44":0,"45":0,"46":0,"47":0,"48":0,"49":0,"50":0},"b":{"1":[0,0],"2":[0,0],"3":[0,0],"4":[0,0],"5":[0,0],"6":[0,0],"7":[0,0],"8":[0,0],"9":[0,0],"10":[0,0]},"f":{"1":0,"2":0,"3":0,"4":0,"5":0},"fnMap":{"1":{"name":"clone","line":32,"loc":{"start":{"line":32,"column":0},"end":{"line":32,"column":22}}},"2":{"name":"lookup","line":51,"loc":{"start":{"line":51,"column":2},"end":{"line":51,"column":21}}},"3":{"name":"(anonymous_3)","line":55,"loc":{"start":{"line":55,"column":35},"end":{"line":55,"column":62}}},"4":{"name":"run","line":69,"loc":{"start":{"line":69,"column":2},"end":{"line":69,"column":18}}},"5":{"name":"createDir","line":73,"loc":{"start":{"line":73,"column":2},"end":{"line":73,"column":31}}}},"statementMap":{"1":{"start":{"line":1,"column":0},"end":{"line":1,"column":22}},"2":{"start":{"line":2,"column":0},"end":{"line":2,"column":26}},"3":{"start":{"line":3,"column":0},"end":{"line":3,"column":45}},"4":{"start":{"line":4,"column":0},"end":{"line":4,"column":35}},"5":{"start":{"line":5,"column":0},"end":{"line":5,"column":37}},"6":{"start":{"line":6,"column":0},"end":{"line":6,"column":35}},"7":{"start":{"line":8,"column":0},"end":{"line":30,"column":1}},"8":{"start":{"line":32,"column":0},"end":{"line":90,"column":1}},"9":{"start":{"line":33,"column":2},"end":{"line":33,"column":22}},"10":{"start":{"line":34,"column":2},"end":{"line":34,"column":53}},"11":{"start":{"line":34,"column":17},"end":{"line":34,"column":53}},"12":{"start":{"line":37,"column":2},"end":{"line":37,"column":18}},"13":{"start":{"line":38,"column":2},"end":{"line":38,"column":20}},"14":{"start":{"line":40,"column":2},"end":{"line":49,"column":3}},"15":{"start":{"line":42,"column":4},"end":{"line":42,"column":34}},"16":{"start":{"line":43,"column":4},"end":{"line":43,"column":28}},"17":{"start":{"line":45,"column":4},"end":{"line":45,"column":60}},"18":{"start":{"line":46,"column":4},"end":{"line":46,"column":49}},"19":{"start":{"line":46,"column":34},"end":{"line":46,"column":49}},"20":{"start":{"line":47,"column":4},"end":{"line":47,"column":63}},"21":{"start":{"line":47,"column":49},"end":{"line":47,"column":63}},"22":{"start":{"line":48,"column":4},"end":{"line":48,"column":48}},"23":{"start":{"line":51,"column":2},"end":{"line":67,"column":3}},"24":{"start":{"line":52,"column":4},"end":{"line":52,"column":77}},"25":{"start":{"line":54,"column":4},"end":{"line":54,"column":37}},"26":{"start":{"line":55,"column":4},"end":{"line":66,"column":6}},"27":{"start":{"line":56,"column":6},"end":{"line":56,"column":31}},"28":{"start":{"line":56,"column":15},"end":{"line":56,"column":31}},"29":{"start":{"line":57,"column":6},"end":{"line":57,"column":60}},"30":{"start":{"line":57,"column":35},"end":{"line":57,"column":60}},"31":{"start":{"line":58,"column":6},"end":{"line":64,"column":7}},"32":{"start":{"line":59,"column":8},"end":{"line":59,"column":38}},"33":{"start":{"line":60,"column":8},"end":{"line":60,"column":54}},"34":{"start":{"line":61,"column":8},"end":{"line":61,"column":65}},"35":{"start":{"line":61,"column":22},"end":{"line":61,"column":65}},"36":{"start":{"line":63,"column":8},"end":{"line":63,"column":35}},"37":{"start":{"line":65,"column":6},"end":{"line":65,"column":45}},"38":{"start":{"line":69,"column":2},"end":{"line":71,"column":3}},"39":{"start":{"line":70,"column":4},"end":{"line":70,"column":27}},"40":{"start":{"line":73,"column":2},"end":{"line":89,"column":3}},"41":{"start":{"line":74,"column":4},"end":{"line":74,"column":46}},"42":{"start":{"line":77,"column":4},"end":{"line":77,"column":36}},"43":{"start":{"line":78,"column":4},"end":{"line":80,"column":5}},"44":{"start":{"line":79,"column":6},"end":{"line":79,"column":20}},"45":{"start":{"line":81,"column":4},"end":{"line":87,"column":5}},"46":{"start":{"line":82,"column":6},"end":{"line":82,"column":38}},"47":{"start":{"line":83,"column":6},"end":{"line":83,"column":25}},"48":{"start":{"line":85,"column":6},"end":{"line":85,"column":24}},"49":{"start":{"line":86,"column":6},"end":{"line":86,"column":28}},"50":{"start":{"line":88,"column":4},"end":{"line":88,"column":8}}},"branchMap":{"1":{"line":34,"type":"if","locations":[{"start":{"line":34,"column":2},"end":{"line":34,"column":2}},{"start":{"line":34,"column":2},"end":{"line":34,"column":2}}]},"2":{"line":46,"type":"if","locations":[{"start":{"line":46,"column":4},"end":{"line":46,"column":4}},{"start":{"line":46,"column":4},"end":{"line":46,"column":4}}]},"3":{"line":47,"type":"if","locations":[{"start":{"line":47,"column":4},"end":{"line":47,"column":4}},{"start":{"line":47,"column":4},"end":{"line":47,"column":4}}]},"4":{"line":52,"type":"cond-expr","locations":[{"start":{"line":52,"column":46},"end":{"line":52,"column":54}},{"start":{"line":52,"column":57},"end":{"line":52,"column":77}}]},"5":{"line":56,"type":"if","locations":[{"start":{"line":56,"column":6},"end":{"line":56,"column":6}},{"start":{"line":56,"column":6},"end":{"line":56,"column":6}}]},"6":{"line":57,"type":"if","locations":[{"start":{"line":57,"column":6},"end":{"line":57,"column":6}},{"start":{"line":57,"column":6},"end":{"line":57,"column":6}}]},"7":{"line":61,"type":"if","locations":[{"start":{"line":61,"column":8},"end":{"line":61,"column":8}},{"start":{"line":61,"column":8},"end":{"line":61,"column":8}}]},"8":{"line":77,"type":"binary-expr","locations":[{"start":{"line":77,"column":15},"end":{"line":77,"column":24}},{"start":{"line":77,"column":28},"end":{"line":77,"column":36}}]},"9":{"line":78,"type":"if","locations":[{"start":{"line":78,"column":4},"end":{"line":78,"column":4}},{"start":{"line":78,"column":4},"end":{"line":78,"column":4}}]},"10":{"line":78,"type":"binary-expr","locations":[{"start":{"line":78,"column":8},"end":{"line":78,"column":17}},{"start":{"line":78,"column":21},"end":{"line":78,"column":47}}]}},"code":["var fs = require('fs')","var nets = require('nets')","var stringKey = require('dat-encoding').toStr","var exit = require('../ui').exitErr","var download = require('../download')","var debug = require('debug')('dat')","","module.exports = {","  name: 'clone',","  command: clone,","  help: [","    'Clone a remote Dat archive',","    '',","    'Usage: dat clone <link> [download-folder]'","  ].join('\\n'),","  options: [","    {","      name: 'temp',","      boolean: true,","      default: false,","      help: 'use an in-memory database for metadata'","    },","    {","      name: 'upload',","      boolean: true,","      default: false,","      help: 'upload data to other peers while cloning'","    }","  ]","}","","function clone (opts) {","  opts.key = opts._[0]","  if (!opts.key) return exit('key required to clone')","","  // Force these options for clone command","  opts.exit = true","  opts.newDir = null","","  try {","    // validates + removes dat://","    opts.key = stringKey(opts.key)","    createDir(opts.key, run)","  } catch (e) {","    var re = /[a-zA-Z0-9-.]\\/+[a-zA-Z0-9-]+\\/[a-zA-Z0-9-]+$/ // match site.com/username/dataset","    if (re.test(opts.key.trim())) return lookup()","    if (e.message.indexOf('Invalid key') === -1) return exit(e)","    return exit('Link is not a valid Dat link.')","  }","","  function lookup () {","    var url = opts.key.indexOf('http') > -1 ? opts.key : 'http://' + opts.key","","    debug('Registry lookup at:', url)","    nets({ url: url, json: true }, function (err, resp, body) {","      if (err) return exit(err)","      if (resp.statusCode !== 200) return exit(body.message)","      try {","        opts.key = stringKey(body.url)","        debug('Received key from registry:', opts.key)","        if (opts.key) return createDir(url.split('/').pop(), run) // dirname is name of repo","      } catch (e) {","        console.error(new Error(e))","      }","      exit('Error getting key from registry')","    })","  }","","  function run () {","    download('clone', opts)","  }","","  function createDir (dir, cb) {","    debug('Creating directory for clone', dir)","    // Create the directory if it doesn't exist","    // If no dir is specified, we put dat in a dir with name = key","    opts.dir = opts._[1] || opts.dir","    if (!opts.dir || opts.dir === process.cwd()) { // Don't allow download to cwd for now","      opts.dir = dir // key or dataset name if using registry shortname","    }","    try {","      fs.accessSync(opts.dir, fs.F_OK)","      opts.newDir = false","    } catch (e) {","      opts.newDir = true","      fs.mkdirSync(opts.dir)","    }","    cb()","  }","}",""],"l":{"1":6,"2":6,"3":0,"4":0,"5":0,"6":0,"8":0,"32":1,"33":0,"34":0,"37":0,"38":0,"40":0,"42":0,"43":0,"45":0,"46":0,"47":0,"48":0,"51":1,"52":0,"54":0,"55":0,"56":0,"57":0,"58":0,"59":0,"60":0,"61":0,"63":0,"65":0,"69":1,"70":0,"73":1,"74":0,"77":0,"78":0,"79":0,"81":0,"82":0,"83":0,"85":0,"86":0,"88":0}},"/home/travis/build/npmtest/node-npmtest-dat/node_modules/dat/lib/dat-json.js":{"path":"/home/travis/build/npmtest/node-npmtest-dat/node_modules/dat/lib/dat-json.js","s":{"1":1,"2":1,"3":1,"4":1,"5":0,"6":0,"7":0,"8":0,"9":0,"10":0,"11":0,"12":0,"13":0,"14":0,"15":0,"16":0,"17":0,"18":0,"19":0,"20":0,"21":0,"22":1,"23":0},"b":{"1":[0,0],"2":[0,0],"3":[0,0],"4":[0,0],"5":[0,0],"6":[0,0]},"f":{"1":0,"2":0,"3":0,"4":0},"fnMap":{"1":{"name":"(anonymous_1)","line":6,"loc":{"start":{"line":6,"column":8},"end":{"line":6,"column":27}}},"2":{"name":"(anonymous_2)","line":10,"loc":{"start":{"line":10,"column":42},"end":{"line":10,"column":63}}},"3":{"name":"(anonymous_3)","line":22,"loc":{"start":{"line":22,"column":9},"end":{"line":22,"column":38}}},"4":{"name":"datJsonFile","line":38,"loc":{"start":{"line":38,"column":0},"end":{"line":38,"column":27}}}},"statementMap":{"1":{"start":{"line":1,"column":0},"end":{"line":1,"column":22}},"2":{"start":{"line":2,"column":0},"end":{"line":2,"column":45}},"3":{"start":{"line":3,"column":0},"end":{"line":3,"column":26}},"4":{"start":{"line":5,"column":0},"end":{"line":36,"column":1}},"5":{"start":{"line":10,"column":4},"end":{"line":20,"column":6}},"6":{"start":{"line":11,"column":6},"end":{"line":11,"column":29}},"7":{"start":{"line":11,"column":15},"end":{"line":11,"column":29}},"8":{"start":{"line":12,"column":6},"end":{"line":12,"column":36}},"9":{"start":{"line":12,"column":17},"end":{"line":12,"column":36}},"10":{"start":{"line":13,"column":6},"end":{"line":13,"column":14}},"11":{"start":{"line":14,"column":6},"end":{"line":18,"column":7}},"12":{"start":{"line":15,"column":8},"end":{"line":15,"column":31}},"13":{"start":{"line":17,"column":8},"end":{"line":17,"column":64}},"14":{"start":{"line":19,"column":6},"end":{"line":19,"column":20}},"15":{"start":{"line":23,"column":4},"end":{"line":26,"column":5}},"16":{"start":{"line":24,"column":6},"end":{"line":24,"column":19}},"17":{"start":{"line":25,"column":6},"end":{"line":25,"column":19}},"18":{"start":{"line":27,"column":4},"end":{"line":32,"column":5}},"19":{"start":{"line":33,"column":4},"end":{"line":33,"column":61}},"20":{"start":{"line":33,"column":17},"end":{"line":33,"column":61}},"21":{"start":{"line":34,"column":4},"end":{"line":34,"column":64}},"22":{"start":{"line":38,"column":0},"end":{"line":40,"column":1}},"23":{"start":{"line":39,"column":2},"end":{"line":39,"column":40}}},"branchMap":{"1":{"line":11,"type":"if","locations":[{"start":{"line":11,"column":6},"end":{"line":11,"column":6}},{"start":{"line":11,"column":6},"end":{"line":11,"column":6}}]},"2":{"line":12,"type":"if","locations":[{"start":{"line":12,"column":6},"end":{"line":12,"column":6}},{"start":{"line":12,"column":6},"end":{"line":12,"column":6}}]},"3":{"line":23,"type":"if","locations":[{"start":{"line":23,"column":4},"end":{"line":23,"column":4}},{"start":{"line":23,"column":4},"end":{"line":23,"column":4}}]},"4":{"line":28,"type":"binary-expr","locations":[{"start":{"line":28,"column":13},"end":{"line":28,"column":27}},{"start":{"line":28,"column":31},"end":{"line":28,"column":54}}]},"5":{"line":31,"type":"binary-expr","locations":[{"start":{"line":31,"column":19},"end":{"line":31,"column":39}},{"start":{"line":31,"column":43},"end":{"line":31,"column":45}}]},"6":{"line":33,"type":"if","locations":[{"start":{"line":33,"column":4},"end":{"line":33,"column":4}},{"start":{"line":33,"column":4},"end":{"line":33,"column":4}}]}},"code":["var fs = require('fs')","var stringKey = require('dat-encoding').toStr","var path = require('path')","","module.exports = {","  read: function (dat, cb) {","    // dat.json","    // reads to dat.meta if exists","    // (TODO: move to module & validate dat.json)","    fs.readFile(datJsonFile(dat), 'utf8', function (err, body) {","      if (err) return cb(err)","      if (!body) return cb(null, {})","      var meta","      try {","        meta = JSON.parse(body)","      } catch (e) {","        return cb(new Error('Error reading the dat.json file.'))","      }","      cb(null, meta)","    })","  },","  write: function (dat, defaults, cb) {","    if (typ
[...]
:{"line":5,"column":17}},"5":{"start":{"line":6,"column":2},"end":{"line":6,"column":24}},"6":{"start":{"line":7,"column":2},"end":{"line":14,"column":3}},"7":{"start":{"line":8,"column":4},"end":{"line":8,"column":55}},"8":{"start":{"line":8,"column":46},"end":{"line":8,"column":55}},"9":{"start":{"line":9,"column":4},"end":{"line":9,"column":46}},"10":{"start":{"line":10,"column":4},"end":{"line":10,"column":46}},"11":{"start":{"line":11,"column":4},"end":{"line":11,"column":68}},"12":{"start":{"line":12,"column":4},"end":{"line":12,"column":78}},"13":{"start":{"line":13,"column":4},"end":{"line":13,"column":173}}},"branchMap":{"1":{"line":8,"type":"if","locations":[{"start":{"line":8,"column":4},"end":{"line":8,"column":4}},{"start":{"line":8,"column":4},"end":{"line":8,"column":4}}]},"2":{"line":8,"type":"binary-expr","locations":[{"start":{"line":8,"column":8},"end":{"line":8,"column":17}},{"start":{"line":8,"column":21},"end":{"line":8,"column":44}}]},"3":{"line":13,"type":"cond-expr","locations":[{"start":{"line":13,"column":114},"end":{"line":13,"column":120}},{"start":{"line":13,"column":123},"end":{"line":13,"column":130}}]}},"code":["var Bar = require('./bar')","var prettyBytes = require('pretty-bytes')","","module.exports = function () {","  var bar = Bar()","  var start = Date.now()","  return function (importer) {","    if (!importer || !importer.bytesImported) return ''","    var importedBytes = importer.bytesImported","    var importedFiles = importer.fileCount - 1 // counted before import finishes so -1 TODO: fix?","    var speed = importer.bytesImported * 1000 / (Date.now() - start)","    var progress = Math.round(importedBytes * 100 / importer.countStats.bytes)","    return bar(progress) + ` ${importedFiles} of ${importer.countStats.files} ${importer.countStats.files === 1 ? 'file' : 'files'}` + ' (' + prettyBytes(speed) + '/s' + ')'","  }","}",""],"l":{"1":1,"2":1,"4":1,"5":0,"6":0,"7":0,"8":0,"9":0,"10":0,"11":0,"12":0,"13":0}},"/home/travis/build/npmtest/node-npmtest-dat/node_modules/dat/lib/ui/index.js":{"path":"/home/travis/build/npmtest/node-npmtest-dat/node_modules/dat/lib/ui/index.js","s":{"1":1,"2":1,"3":1,"4":0,"5":1,"6":1,"7":1},"b":{},"f":{"1":0},"fnMap":{"1":{"name":"(anonymous_1)","line":3,"loc":{"start":{"line":3,"column":25},"end":{"line":3,"column":40}}}},"statementMap":{"1":{"start":{"line":1,"column":0},"end":{"line":1,"column":37}},"2":{"start":{"line":2,"column":0},"end":{"line":2,"column":39}},"3":{"start":{"line":3,"column":0},"end":{"line":6,"column":1}},"4":{"start":{"line":5,"column":2},"end":{"line":5,"column":26}},"5":{"start":{"line":7,"column":0},"end":{"line":7,"column":60}},"6":{"start":{"line":8,"column":0},"end":{"line":8,"column":39}},"7":{"start":{"line":9,"column":0},"end":{"line":9,"column":45}}},"branchMap":{},"code":["module.exports.bar = require('./bar')","module.exports.exit = require('./exit')","module.exports.exitErr = function (err) {","  // shortcut","  require('./exit')()(err)","}","module.exports.importProgress = require('./import-progress')","module.exports.link = require('./link')","module.exports.network = require('./network')",""],"l":{"1":1,"2":1,"3":1,"5":0,"7":1,"8":1,"9":1}},"/home/travis/build/npmtest/node-npmtest-dat/node_modules/dat/lib/ui/link.js":{"path":"/home/travis/build/npmtest/node-npmtest-dat/node_modules/dat/lib/ui/link.js","s":{"1":1,"2":1,"3":0},"b":{},"f":{"1":0},"fnMap":{"1":{"name":"(anonymous_1)","line":3,"loc":{"start":{"line":3,"column":17},"end":{"line":3,"column":32}}}},"statementMap":{"1":{"start":{"line":1,"column":0},"end":{"line":1,"column":45}},"2":{"start":{"line":3,"column":0},"end":{"line":5,"column":1}},"3":{"start":{"line":4,"column":2},"end":{"line":4,"column":40}}},"branchMap":{},"code":["var stringKey = require('dat-encoding').toStr","","module.exports = function (key) {","  return `Link: dat://${stringKey(key)}`","}",""],"l":{"1":1,"3":1,"4":0}},"/home/travis/build/npmtest/node-npmtest-dat/node_modules/dat/lib/ui/network.js":{"path":"/home/travis/build/npmtest/node-npmtest-dat/node_modules/dat/lib/ui/network.js","s":{"1":1,"2":1,"3":0,"4":0,"5":0,"6":0,"7":0,"8":0,"9":0,"10":0,"11":0,"12":0,"13":0},"b":{"1":[0,0],"2":[0,0],"3":[0,0],"4":[0,0]},"f":{"1":0},"fnMap":{"1":{"name":"(anonymous_1)","line":3,"loc":{"start":{"line":3,"column":17},"end":{"line":3,"column":41}}}},"statementMap":{"1":{"start":{"line":1,"column":0},"end":{"line":1,"column":41}},"2":{"start":{"line":3,"column":0},"end":{"line":12,"column":1}},"3":{"start":{"line":4,"column":2},"end":{"line":4,"column":66}},"4":{"start":{"line":4,"column":14},"end":{"line":4,"column":66}},"5":{"start":{"line":5,"column":2},"end":{"line":5,"column":14}},"6":{"start":{"line":6,"column":2},"end":{"line":6,"column":75}},"7":{"start":{"line":7,"column":2},"end":{"line":7,"column":17}},"8":{"start":{"line":8,"column":2},"end":{"line":8,"column":96}},"9":{"start":{"line":8,"column":27},"end":{"line":8,"column":96}},"10":{"start":{"line":9,"column":2},"end":{"line":9,"column":83}},"11":{"start":{"line":9,"column":25},"end":{"line":9,"column":83}},"12":{"start":{"line":10,"column":2},"end":{"line":10,"column":18}},"13":{"start":{"line":11,"column":2},"end":{"line":11,"column":12}}},"branchMap":{"1":{"line":4,"type":"if","locations":[{"start":{"line":4,"column":2},"end":{"line":4,"column":2}},{"start":{"line":4,"column":2},"end":{"line":4,"column":2}}]},"2":{"line":6,"type":"cond-expr","locations":[{"start":{"line":6,"column":37},"end":{"line":6,"column":43}},{"start":{"line":6,"column":46},"end":{"line":6,"column":53}}]},"3":{"line":8,"type":"if","locations":[{"start":{"line":8,"column":2},"end":{"line":8,"column":2}},{"start":{"line":8,"column":2},"end":{"line":8,"column":2}}]},"4":{"line":9,"type":"if","locations":[{"start":{"line":9,"column":2},"end":{"line":9,"column":2}},{"start":{"line":9,"column":2},"end":{"line":9,"column":2}}]}},"code":["var prettyBytes = require('pretty-bytes')","","module.exports = function (peers, stats) {","  if (!peers) return ['Looking for connections in Dat Network...']","  var msg = []","  msg.push(`${peers} ${peers === 1 ? 'peer' : 'peers'} on the Dat Network`)","  var spdMsg = ''","  if (stats.downloadSpeed) spdMsg += `Downloading: ${prettyBytes(stats.downloadSpeed)}/s` + '  '","  if (stats.uploadSpeed) spdMsg += `Uploading: ${prettyBytes(stats.uploadSpeed)}/s`","  msg.push(spdMsg)","  return msg","}",""],"l":{"1":1,"3":1,"4":0,"5":0,"6":0,"7":0,"8":0,"9":0,"10":0,"11":0}},"/home/travis/build/npmtest/node-npmtest-dat/node_modules/dat/lib/commands/auth/login.js":{"path":"/home/travis/build/npmtest/node-npmtest-dat/node_modules/dat/lib/commands/auth/login.js","s":{"1":2,"2":2,"3":2,"4":0,"5":1,"6":0,"7":0,"8":0,"9":0,"10":0,"11":0,"12":0,"13":0,"14":0,"15":1,"16":0,"17":0,"18":0,"19":0,"20":0,"21":0,"22":0,"23":0},"b":{"1":[0,0],"2":[0,0],"3":[0,0],"4":[0,0],"5":[0,0],"6":[0,0]},"f":{"1":0,"2":0,"3":0,"4":0},"fnMap":{"1":{"name":"login","line":11,"loc":{"start":{"line":11,"column":0},"end":{"line":11,"column":22}}},"2":{"name":"(anonymous_2)","line":28,"loc":{"start":{"line":28,"column":6},"end":{"line":28,"column":30}}},"3":{"name":"makeRequest","line":33,"loc":{"start":{"line":33,"column":2},"end":{"line":33,"column":30}}},"4":{"name":"(anonymous_4)","line":39,"loc":{"start":{"line":39,"column":7},"end":{"line":39,"column":34}}}},"statementMap":{"1":{"start":{"line":1,"column":0},"end":{"line":1,"column":30}},"2":{"start":{"line":2,"column":0},"end":{"line":2,"column":28}},"3":{"start":{"line":3,"column":0},"end":{"line":3,"column":40}},"4":{"start":{"line":5,"column":0},"end":{"line":9,"column":1}},"5":{"start":{"line":11,"column":0},"end":{"line":46,"column":1}},"6":{"start":{"line":12,"column":2},"end":{"line":12,"column":59}},"7":{"start":{"line":12,"column":35},"end":{"line":12,"column":59}},"8":{"start":{"line":14,"column":2},"end":{"line":14,"column":21}},"9":{"start":{"line":15,"column":2},"end":{"line":15,"column":23}},"10":{"start":{"line":16,"column":2},"end":{"line":16,"column":16}},"11":{"start":{"line":17,"column":2},"end":{"line":31,"column":4}},"12":{"start":{"line":29,"column":4},"end":{"line":29,"column":44}},"13":{"start":{"line":29,"column":13},"end":{"line":29,"column":44}},"14":{"start":{"line":30,"column":4},"end":{"line":30,"column":24}},"15":{"start":{"line":33,"column":2},"end":{"line":45,"column":3}},"16":{"start":{"line":34,"column":4},"end":{"line":34,"column":31}},"17":{"start":{"line":36,"column":4},"end":{"line":44,"column":6}},"18":{"start":{"line":40,"column":6},"end":{"line":41,"column":46}},"19":{"start":{"line":40,"column":30},"end":{"line":40,"column":53}},"20":{"start":{"line":41,"column":11},"end":{"line":41,"column":46}},"21":{"start":{"line":41,"column":20},"end":{"line":41,"column":46}},"22":{"start":{"line":42,"column":6},"end":{"line":42,"column":44}},"23":{"start":{"line":43,"column":6},"end":{"line":43,"column":21}}},"branchMap":{"1":{"line":12,"type":"if","locations":[{"start":{"line":12,"column":2},"end":{"line":12,"column":2}},{"start":{"line":12,"column":2},"end":{"line":12,"column":2}}]},"2":{"line":12,"type":"binary-expr","locations":[{"start":{"line":12,"column":6},"end":{"line":12,"column":16}},{"start":{"line":12,"column":20},"end":{"line":12,"column":33}}]},"3":{"line":29,"type":"if","locations":[{"start":{"line":29,"column":4},"end":{"line":29,"column":4}},{"start":{"line":29,"column":4},"end":{"line":29,"column":4}}]},"4":{"line":40,"type":"if","locations":[{"start":{"line":40,"column":6},"end":{"line":40,"column":6}},{"start":{"line":40,"column":6},"end":{"line":40,"column":6}}]},"5":{"line":40,"type":"binary-expr","locations":[{"start":{"line":40,"column":10},"end":{"line":40,"column":13}},{"start":{"line":40,"column":17},"end":{"line":40,"column":28}}]},"6":{"line":41,"type":"if","locations":[{"start":{"line":41,"column":11},"end":{"line":41,"column":11}},{"start":{"line":41,"column":11},"end":{"line":41,"column":11}}]}},"code":["var prompt = require('prompt')","var ui = require('../../ui')","var Registry = require('../../registry')","","module.exports = {","  name: 'login',","  command: login,","  options: []","}","","function login (opts) {","  if (opts.email && opts.password) return makeRequest(opts)","","  prompt.message = ''","  prompt.colors = false","  prompt.start()","  prompt.get([{","    name: 'email',","    description: 'Email',","    required: true","  },","  {","    name: 'password',","    description: 'Password',","    required: true,","    hidden: true,","    replace: '*'","  }], function (err, results) {","    if (err) return console.log(err.message)","    makeRequest(results)","  })","","  function makeRequest (user) {","    var client = Registry(opts)","","    client.login({","      email: user.email,","      password: user.password","    }, function (err, resp, body) {","      if (err && err.message) ui.exitErr(err.message)","      else if (err) ui.exitErr(err.toString())","      console.log('Logged in successfully.')","      process.exit(0)","    })","  }","}",""],"l":{"1":2,"2":2,"3":2,"5":0,"11":1,"12":0,"14":0,"15":0,"16":0,"17":0,"29":0,"30":0,"33":1,"34":0,"36":0,"40":0,"41":0,"42":0,"43":0}},"/home/travis/build/npmtest/node-npmtest-dat/node_modules/dat/lib/commands/auth/logout.js":{"path":"/home/travis/build/npmtest/node-npmtest-dat/node_modules/dat/lib/commands/auth/logout.js","s":{"1":2,"2":2,"3":0,"4":1,"5":0,"6":0,"7":0,"8":0,"9":0,"10":0,"11":0,"12":0},"b":{"1":[0,0],"2":[0,0]},"f":{"1":0,"2":0},"fnMap":{"1":{"name":"logout","line":10,"loc":{"start":{"line":10,"column":0},"end":{"line":10,"column":23}}},"2":{"name":"(anonymous_2)","line":14,"loc":{"start":{"line":14,"column":16},"end":{"line":14,"column":31}}}},"statementMap":{"1":{"start":{"line":1,"column":0},"end":{"line":1,"column":28}},"2":{"start":{"line":2,"column":0},"end":{"line":2,"column":40}},"3":{"start":{"line":4,"column":0},"end":{"line":8,"column":1}},"4":{"start":{"line":10,"column":0},"end":{"line":19,"column":1}},"5":{"start":{"line":11,"column":2},"end":{"line":11,"column":29}},"6":{"start":{"line":13,"column":2},"end":{"line":13,"column":65}},"7":{"start":{"line":13,"column":30},"end":{"line":13,"column":65}},"8":{"start":{"line":14,"column":2},"end":{"line":18,"column":4}},"9":{"start":{"line":15,"column":4},"end":{"line":15,"column":28}},"10":{"start":{"line":15,"column":13},"end":{"line":15,"column":28}},"11":{"start":{"line":16,"column":4},"end":{"line":16,"column":30}},"12":{"start":{"line":17,"column":4},"end":{"line":17,"column":19}}},"branchMap":{"1":{"line":13,"type":"if","locations":[{"start":{"line":13,"column":2},"end":{"line":13,"column":2}},{"start":{"line":13,"column":2},"end":{"line":13,"column":2}}]},"2":{"line":15,"type":"if","locations":[{"start":{"line":15,"column":4},"end":{"line":15,"column":4}},{"start":{"line":15,"column":4},"end":{"line":15,"column":4}}]}},"code":["var ui = require('../../ui')","var Registry = require('../../registry')","","module.exports = {","  name: 'logout',","  command: logout,","  options: []","}","","function logout (opts) {","  var client = Registry(opts)","","  if (!client.whoami().token) return ui.exitErr('Not logged in.')","  client.logout(function (err) {","    if (err) ui.exitErr(err)","    console.log('Logged out.')","    process.exit(0)","  })","}",""],"l":{"1":2,"2":2,"4":0,"10":1,"11":0,"13":0,"14":0,"15":0,"16":0,"17":0}},"/home/travis/build/npmtest/node-npmtest-dat/node_modules/dat/lib/commands/auth/register.js":{"path":"/home/travis/build/npmtest/node-npmtest-dat/node_modules/dat/lib/commands/auth/register.js","s":{"1":2,"2":2,"3":2,"4":0,"5":1,"6":0,"7":0,"8":0,"9":0,"10":0,"11":0,"12":0,"13":0,"14":0,"15":1,"16":0,"17":0,"18":0,"19":0,"20":0,"21":0,"22":0,"23":0},"b":{"1":[0,0],"2":[0,0,0],"3":[0,0],"4":[0,0],"5":[0,0],"6":[0,0]},"f":{"1":0,"2":0,"3":0,"4":0},"fnMap":{"1":{"name":"register","line":11,"loc":{"start":{"line":11,"column":0},"end":{"line":11,"column":25}}},"2":{"name":"(anonymous_2)","line":33,"loc":{"start":{"line":33,"column":6},"end":{"line":33,"column":30}}},"3":{"name":"makeRequest","line":38,"loc":{"start":{"line":38,"column":2},"end":{"line":38,"column":30}}},"4":{"name":"(anonymous_4)","line":45,"loc":{"start":{"line":45,"column":7},"end":{"line":45,"column":22}}}},"statementMap":{"1":{"start":{"line":1,"column":0},"end":{"line":1,"column":30}},"2":{"start":{"line":2,"column":0},"end":{"line":2,"column":28}},"3":{"start":{"line":3,"column":0},"end":{"line":3,"column":40}},"4":{"start":{"line":5,"column":0},"end":{"line":9,"column":1}},"5":{"start":{"line":11,"column":0},"end":{"line":52,"column":1}},"6":{"start":{"line":12,"column":2},"end":{"line":12,"column":76}},"7":{"start":{"line":12,"column":52},"end":{"line":12,"column":76}},"8":{"start":{"line":14,"column":2},"end":{"line":14,"column":21}},"9":{"start":{"line":15,"column":2},"end":{"line":15,"column":23}},"10":{"start":{"line":16,"column":2},"end":{"line":16,"column":16}},"11":{"start":{"line":17,"column":2},"end":{"line":36,"column":4}},"12":{"start":{"line":34,"column":4},"end":{"line":34,"column":44}},"13":{"start":{"line":34,"column":13},"end":{"line":34,"column":44}},"14":{"start":{"line":35,"column":4},"end":{"line":35,"column":24}},"15":{"start":{"line":38,"column":2},"end":{"line":51,"column":3}},"16":{"start":{"line":39,"column":4},"end":{"line":39,"column":31}},"17":{"start":{"line":41,"column":4},"end":{"line":50,"column":6}},"18":{"start":{"line":46,"column":6},"end":{"line":47,"column":46}},"19":{"start":{"line":46,"column":30},"end":{"line":46,"column":53}},"20":{"start":{"line":47,"column":11},"end":{"line":47,"column":46}},"21":{"start":{"line":47,"column":20},"end":{"line":47,"column":46}},"22":{"start":{"line":48,"column":6},"end":{"line":48,"column":45}},"23":{"start":{"line":49,"column":6},"end":{"line":49,"column":21}}},"branchMap":{"1":{"line":12,"type":"if","locations":[{"start":{"line":12,"column":2},"end":{"line":12,"column":2}},{"start":{"line":12,"column":2},"end":{"line":12,"column":2}}]},"2":{"line":12,"type":"binary-expr","locations":[{"start":{"line":12,"column":6},"end":{"line":12,"column":16}},{"start":{"line":12,"column":20},"end":{"line":12,"column":33}},{"start":{"line":12,"column":37},"end":{"line":12,"column":50}}]},"3":{"line":34,"type":"if","locations":[{"start":{"line":34,"column":4},"end":{"line":34,"column":4}},{"start":{"line":34,"column":4},"end":{"line":34,"column":4}}]},"4":{"line":46,"type":"if","locations":[{"start":{"line":46,"column":6},"end":{"line":46,"column":6}},{"start":{"line":46,"column":6},"end":{"line":46,"column":6}}]},"5":{"line":46,"type":"binary-expr","locations":[{"start":{"line":46,"column":10},"end":{"line":46,"column":13}},{"start":{"line":46,"column":17},"end":{"line":46,"column":28}}]},"6":{"line":47,"type":"if","locations":[{"start":{"line":47,"column":11},"end":{"line":47,"column":11}},{"start":{"line":47,"column":11},"end":{"line":47,"column":11}}]}},"code":["var prompt = require('prompt')","var ui = require('../../ui')","var Registry = require('../../registry')","","module.exports = {","  name: 'register',","  command: register,","  options: []","}","","function register (opts) {","  if (opts.email && opts.username && opts.password) return makeRequest(opts)","","  prompt.message = ''","  prompt.colors = false","  prompt.start()","  prompt.get([{","    name: 'email',","    description: 'Email',","    required: true","  },","  {","    name: 'username',","    description: 'Username',","    required: true","  },","  {","    name: 'password',","    description: 'Password',","    required: true,","    hidden: true,","    replace: '*'","  }], function (err, results) {","    if (err) return console.log(err.message)","    makeRequest(results)","  })","","  function makeRequest (user) {","    var client = Registry(opts)","","    client.register({","      email: user.email,","      username: user.username,","      password: user.password","    }, function (err) {","      if (err && err.message) ui.exitErr(err.message)","      else if (err) ui.exitErr(err.toString())","      console.log('Registered successfully.')","      process.exit(0)","    })","  }","}",""],"l":{"1":2,"2":2,"3":2,"5":0,"11":1,"12":0,"14":0,"15":0,"16":0,"17":0,"34":0,"35":0,"38":1,"39":0,"41":0,"46":0,"47":0,"48":0,"49":0}},"/home/travis/build/npmtest/node-npmtest-dat/node_modules/dat/lib/commands/auth/whoami.js":{"path":"/home/travis/build/npmtest/node-npmtest-dat/node_modules/dat/lib/commands/auth/whoami.js","s":{"1":2,"2":2,"3":0,"4":1,"5":0,"6":0,"7":0,"8":0,"9":0,"10":0},"b":{"1":[0,0]},"f":{"1":0},"fnMap":{"1":{"name":"whoami","line":10,"loc":{"start":{"line":10,"column":0},"end":{"line":10,"column":23}}}},"statementMap":{"1":{"start":{"line":1,"column":0},"end":{"line":1,"column":28}},"2":{"start":{"line":2,"column":0},"end":{"line":2,"column":40}},"3":{"start":{"line":4,"column":0},"end":{"line":8,"column":1}},"4":{"start":{"line":10,"column":0},"end":{"line":16,"column":1}},"5":{"start":{"line":11,"column":2},"end":{"line":11,"column":29}},"6":{"start":{"line":12,"column":2},"end":{"line":12,"column":29}},"7":{"start":{"line":13,"column":2},"end":{"line":13,"column":55}},"8":{"start":{"line":13,"column":20},"end":{"line":13,"column":55}},"9":{"start":{"line":14,"column":2},"end":{"line":14,"column":26}},"10":{"start":{"line":15,"column":2},"end":{"line":15,"column":17}}},"branchMap":{"1":{"line":13,"type":"if","locations":[{"start":{"line":13,"column":2},"end":{"line":13,"column":2}},{"start":{"line":13,"column":2},"end":{"line":13,"column":2}}]}},"code":["var ui = require('../../ui')","var Registry = require('../../registry')","","module.exports = {","  name: 'whoami',","  command: whoami,","  options: []","}","","function whoami (opts) {","  var client = Registry(opts)","  var login = client.whoami()","  if (!login.token) return ui.exitErr('Not logged in.')","  console.log(login.email)","  process.exit(0)","}",""],"l":{"1":2,"2":2,"4":0,"10":1,"11":0,"12":0,"13":0,"14":0,"15":0}}}